{"/Users/suraj/learnings/crm-bulk-actions/src/app.ts": {"path":"/Users/suraj/learnings/crm-bulk-actions/src/app.ts","statementMap":{"0":{"start":{"line":7,"column":0},"end":{"line":7,"column":null}},"1":{"start":{"line":9,"column":12},"end":{"line":9,"column":21}},"2":{"start":{"line":11,"column":0},"end":{"line":11,"column":null}},"3":{"start":{"line":12,"column":0},"end":{"line":12,"column":null}},"4":{"start":{"line":13,"column":0},"end":{"line":13,"column":null}},"5":{"start":{"line":14,"column":0},"end":{"line":14,"column":29}},"6":{"start":{"line":16,"column":0},"end":{"line":22,"column":3}},"7":{"start":{"line":17,"column":4},"end":{"line":17,"column":29}},"8":{"start":{"line":18,"column":4},"end":{"line":21,"column":7}},"9":{"start":{"line":26,"column":13},"end":{"line":26,"column":37}},"10":{"start":{"line":27,"column":0},"end":{"line":29,"column":null}},"11":{"start":{"line":28,"column":4},"end":{"line":28,"column":null}}},"fnMap":{"0":{"name":"(anonymous_0)","decl":{"start":{"line":16,"column":8},"end":{"line":16,"column":9}},"loc":{"start":{"line":16,"column":96},"end":{"line":22,"column":1}}},"1":{"name":"(anonymous_1)","decl":{"start":{"line":27,"column":17},"end":{"line":27,"column":20}},"loc":{"start":{"line":27,"column":22},"end":{"line":29,"column":1}}}},"branchMap":{"0":{"loc":{"start":{"line":20,"column":17},"end":{"line":20,"column":81}},"type":"cond-expr","locations":[{"start":{"line":20,"column":58},"end":{"line":20,"column":69}},{"start":{"line":20,"column":72},"end":{"line":20,"column":81}}]},"1":{"loc":{"start":{"line":26,"column":13},"end":{"line":26,"column":37}},"type":"binary-expr","locations":[{"start":{"line":26,"column":13},"end":{"line":26,"column":29}},{"start":{"line":26,"column":33},"end":{"line":26,"column":37}}]}},"s":{"0":0,"1":0,"2":0,"3":0,"4":0,"5":0,"6":0,"7":0,"8":0,"9":0,"10":0,"11":0},"f":{"0":0,"1":0},"b":{"0":[0,0],"1":[0,0]}}
,"/Users/suraj/learnings/crm-bulk-actions/src/controllers/authController.ts": {"path":"/Users/suraj/learnings/crm-bulk-actions/src/controllers/authController.ts","statementMap":{"0":{"start":{"line":6,"column":23},"end":{"line":10,"column":2}},"1":{"start":{"line":12,"column":20},"end":{"line":15,"column":2}},"2":{"start":{"line":22,"column":8},"end":{"line":22,"column":45}},"3":{"start":{"line":23,"column":8},"end":{"line":23,"column":43}},"4":{"start":{"line":27,"column":8},"end":{"line":65,"column":9}},"5":{"start":{"line":28,"column":40},"end":{"line":28,"column":70}},"6":{"start":{"line":31,"column":33},"end":{"line":31,"column":74}},"7":{"start":{"line":32,"column":12},"end":{"line":34,"column":13}},"8":{"start":{"line":33,"column":16},"end":{"line":33,"column":78}},"9":{"start":{"line":37,"column":25},"end":{"line":37,"column":77}},"10":{"start":{"line":40,"column":28},"end":{"line":40,"column":102}},"11":{"start":{"line":43,"column":50},"end":{"line":43,"column":107}},"12":{"start":{"line":45,"column":12},"end":{"line":58,"column":15}},"13":{"start":{"line":60,"column":12},"end":{"line":60,"column":null}},"14":{"start":{"line":61,"column":12},"end":{"line":63,"column":13}},"15":{"start":{"line":62,"column":16},"end":{"line":62,"column":69}},"16":{"start":{"line":64,"column":12},"end":{"line":64,"column":67}},"17":{"start":{"line":69,"column":8},"end":{"line":106,"column":9}},"18":{"start":{"line":70,"column":40},"end":{"line":70,"column":67}},"19":{"start":{"line":73,"column":25},"end":{"line":73,"column":77}},"20":{"start":{"line":74,"column":12},"end":{"line":76,"column":13}},"21":{"start":{"line":75,"column":16},"end":{"line":75,"column":78}},"22":{"start":{"line":79,"column":28},"end":{"line":79,"column":77}},"23":{"start":{"line":80,"column":12},"end":{"line":82,"column":13}},"24":{"start":{"line":81,"column":16},"end":{"line":81,"column":84}},"25":{"start":{"line":85,"column":50},"end":{"line":85,"column":107}},"26":{"start":{"line":87,"column":12},"end":{"line":100,"column":15}},"27":{"start":{"line":102,"column":12},"end":{"line":104,"column":13}},"28":{"start":{"line":103,"column":16},"end":{"line":103,"column":69}},"29":{"start":{"line":105,"column":12},"end":{"line":105,"column":60}},"30":{"start":{"line":110,"column":8},"end":{"line":120,"column":9}},"31":{"start":{"line":111,"column":37},"end":{"line":111,"column":45}},"32":{"start":{"line":112,"column":12},"end":{"line":114,"column":13}},"33":{"start":{"line":113,"column":16},"end":{"line":113,"column":84}},"34":{"start":{"line":116,"column":27},"end":{"line":116,"column":76}},"35":{"start":{"line":117,"column":12},"end":{"line":117,"column":29}},"36":{"start":{"line":119,"column":12},"end":{"line":119,"column":69}},"37":{"start":{"line":124,"column":8},"end":{"line":132,"column":9}},"38":{"start":{"line":125,"column":33},"end":{"line":125,"column":54}},"39":{"start":{"line":126,"column":12},"end":{"line":128,"column":13}},"40":{"start":{"line":127,"column":16},"end":{"line":127,"column":64}},"41":{"start":{"line":129,"column":12},"end":{"line":129,"column":73}},"42":{"start":{"line":131,"column":12},"end":{"line":131,"column":61}}},"fnMap":{"0":{"name":"(anonymous_0)","decl":{"start":{"line":21,"column":4},"end":{"line":21,"column":null}},"loc":{"start":{"line":21,"column":4},"end":{"line":24,"column":5}}},"1":{"name":"(anonymous_1)","decl":{"start":{"line":26,"column":4},"end":{"line":26,"column":9}},"loc":{"start":{"line":26,"column":46},"end":{"line":66,"column":5}}},"2":{"name":"(anonymous_2)","decl":{"start":{"line":68,"column":4},"end":{"line":68,"column":9}},"loc":{"start":{"line":68,"column":43},"end":{"line":107,"column":5}}},"3":{"name":"(anonymous_3)","decl":{"start":{"line":109,"column":4},"end":{"line":109,"column":9}},"loc":{"start":{"line":109,"column":50},"end":{"line":121,"column":5}}},"4":{"name":"(anonymous_4)","decl":{"start":{"line":123,"column":4},"end":{"line":123,"column":9}},"loc":{"start":{"line":123,"column":44},"end":{"line":133,"column":5}}}},"branchMap":{"0":{"loc":{"start":{"line":32,"column":12},"end":{"line":34,"column":13}},"type":"if","locations":[{"start":{"line":32,"column":12},"end":{"line":34,"column":13}}]},"1":{"loc":{"start":{"line":61,"column":12},"end":{"line":63,"column":13}},"type":"if","locations":[{"start":{"line":61,"column":12},"end":{"line":63,"column":13}}]},"2":{"loc":{"start":{"line":74,"column":12},"end":{"line":76,"column":13}},"type":"if","locations":[{"start":{"line":74,"column":12},"end":{"line":76,"column":13}}]},"3":{"loc":{"start":{"line":80,"column":12},"end":{"line":82,"column":13}},"type":"if","locations":[{"start":{"line":80,"column":12},"end":{"line":82,"column":13}}]},"4":{"loc":{"start":{"line":102,"column":12},"end":{"line":104,"column":13}},"type":"if","locations":[{"start":{"line":102,"column":12},"end":{"line":104,"column":13}}]},"5":{"loc":{"start":{"line":112,"column":12},"end":{"line":114,"column":13}},"type":"if","locations":[{"start":{"line":112,"column":12},"end":{"line":114,"column":13}}]},"6":{"loc":{"start":{"line":126,"column":12},"end":{"line":128,"column":13}},"type":"if","locations":[{"start":{"line":126,"column":12},"end":{"line":128,"column":13}}]}},"s":{"0":0,"1":0,"2":0,"3":0,"4":0,"5":0,"6":0,"7":0,"8":0,"9":0,"10":0,"11":0,"12":0,"13":0,"14":0,"15":0,"16":0,"17":0,"18":0,"19":0,"20":0,"21":0,"22":0,"23":0,"24":0,"25":0,"26":0,"27":0,"28":0,"29":0,"30":0,"31":0,"32":0,"33":0,"34":0,"35":0,"36":0,"37":0,"38":0,"39":0,"40":0,"41":0,"42":0},"f":{"0":0,"1":0,"2":0,"3":0,"4":0},"b":{"0":[0],"1":[0],"2":[0],"3":[0],"4":[0],"5":[0],"6":[0]}}
,"/Users/suraj/learnings/crm-bulk-actions/src/controllers/bulkActionController.ts": {"path":"/Users/suraj/learnings/crm-bulk-actions/src/controllers/bulkActionController.ts","statementMap":{"0":{"start":{"line":6,"column":12},"end":{"line":6,"column":null}},"1":{"start":{"line":7,"column":12},"end":{"line":7,"column":null}},"2":{"start":{"line":9,"column":8},"end":{"line":9,"column":26}},"3":{"start":{"line":13,"column":8},"end":{"line":17,"column":9}},"4":{"start":{"line":14,"column":12},"end":{"line":14,"column":54}},"5":{"start":{"line":16,"column":12},"end":{"line":16,"column":76}},"6":{"start":{"line":21,"column":8},"end":{"line":34,"column":9}},"7":{"start":{"line":22,"column":64},"end":{"line":22,"column":72}},"8":{"start":{"line":23,"column":30},"end":{"line":23,"column":49}},"9":{"start":{"line":24,"column":31},"end":{"line":28,"column":null}},"10":{"start":{"line":30,"column":12},"end":{"line":30,"column":null}},"11":{"start":{"line":32,"column":12},"end":{"line":32,"column":null}},"12":{"start":{"line":33,"column":12},"end":{"line":33,"column":null}},"13":{"start":{"line":38,"column":8},"end":{"line":51,"column":9}},"14":{"start":{"line":39,"column":27},"end":{"line":39,"column":37}},"15":{"start":{"line":40,"column":31},"end":{"line":41,"column":null}},"16":{"start":{"line":44,"column":12},"end":{"line":46,"column":13}},"17":{"start":{"line":45,"column":16},"end":{"line":45,"column":80}},"18":{"start":{"line":48,"column":12},"end":{"line":48,"column":33}},"19":{"start":{"line":50,"column":12},"end":{"line":50,"column":80}},"20":{"start":{"line":55,"column":8},"end":{"line":68,"column":9}},"21":{"start":{"line":56,"column":27},"end":{"line":56,"column":37}},"22":{"start":{"line":57,"column":26},"end":{"line":58,"column":null}},"23":{"start":{"line":61,"column":12},"end":{"line":63,"column":13}},"24":{"start":{"line":62,"column":16},"end":{"line":62,"column":80}},"25":{"start":{"line":65,"column":12},"end":{"line":65,"column":28}},"26":{"start":{"line":67,"column":12},"end":{"line":67,"column":79}},"27":{"start":{"line":72,"column":8},"end":{"line":94,"column":9}},"28":{"start":{"line":73,"column":29},"end":{"line":73,"column":52}},"29":{"start":{"line":80,"column":16},"end":{"line":80,"column":25}},"30":{"start":{"line":82,"column":25},"end":{"line":88,"column":14}},"31":{"start":{"line":90,"column":12},"end":{"line":90,"column":27}},"32":{"start":{"line":92,"column":12},"end":{"line":92,"column":null}},"33":{"start":{"line":93,"column":12},"end":{"line":93,"column":71}},"34":{"start":{"line":97,"column":8},"end":{"line":104,"column":9}},"35":{"start":{"line":98,"column":29},"end":{"line":98,"column":52}},"36":{"start":{"line":99,"column":28},"end":{"line":99,"column":71}},"37":{"start":{"line":100,"column":12},"end":{"line":100,"column":30}},"38":{"start":{"line":102,"column":12},"end":{"line":102,"column":null}},"39":{"start":{"line":103,"column":12},"end":{"line":103,"column":80}},"40":{"start":{"line":108,"column":8},"end":{"line":121,"column":9}},"41":{"start":{"line":109,"column":25},"end":{"line":109,"column":59}},"42":{"start":{"line":110,"column":26},"end":{"line":110,"column":61}},"43":{"start":{"line":111,"column":12},"end":{"line":115,"column":13}},"44":{"start":{"line":112,"column":16},"end":{"line":114,"column":null}},"45":{"start":{"line":116,"column":27},"end":{"line":116,"column":73}},"46":{"start":{"line":117,"column":12},"end":{"line":117,"column":29}},"47":{"start":{"line":119,"column":12},"end":{"line":119,"column":null}},"48":{"start":{"line":120,"column":12},"end":{"line":120,"column":74}}},"fnMap":{"0":{"name":"(anonymous_0)","decl":{"start":{"line":8,"column":4},"end":{"line":8,"column":null}},"loc":{"start":{"line":8,"column":4},"end":{"line":10,"column":5}}},"1":{"name":"(anonymous_1)","decl":{"start":{"line":12,"column":12},"end":{"line":12,"column":17}},"loc":{"start":{"line":12,"column":28},"end":{"line":18,"column":5}}},"2":{"name":"(anonymous_2)","decl":{"start":{"line":20,"column":4},"end":{"line":20,"column":9}},"loc":{"start":{"line":20,"column":44},"end":{"line":35,"column":5}}},"3":{"name":"(anonymous_3)","decl":{"start":{"line":37,"column":4},"end":{"line":37,"column":9}},"loc":{"start":{"line":37,"column":47},"end":{"line":52,"column":5}}},"4":{"name":"(anonymous_4)","decl":{"start":{"line":54,"column":4},"end":{"line":54,"column":9}},"loc":{"start":{"line":54,"column":46},"end":{"line":69,"column":5}}},"5":{"name":"(anonymous_5)","decl":{"start":{"line":71,"column":4},"end":{"line":71,"column":9}},"loc":{"start":{"line":71,"column":45},"end":{"line":95,"column":5}}},"6":{"name":"(anonymous_6)","decl":{"start":{"line":96,"column":4},"end":{"line":96,"column":9}},"loc":{"start":{"line":96,"column":53},"end":{"line":105,"column":5}}},"7":{"name":"(anonymous_7)","decl":{"start":{"line":107,"column":4},"end":{"line":107,"column":9}},"loc":{"start":{"line":107,"column":42},"end":{"line":122,"column":5}}}},"branchMap":{"0":{"loc":{"start":{"line":28,"column":16},"end":{"line":28,"column":65}},"type":"cond-expr","locations":[{"start":{"line":28,"column":31},"end":{"line":28,"column":53}},{"start":{"line":28,"column":56},"end":{"line":28,"column":65}}]},"1":{"loc":{"start":{"line":44,"column":12},"end":{"line":46,"column":13}},"type":"if","locations":[{"start":{"line":44,"column":12},"end":{"line":46,"column":13}}]},"2":{"loc":{"start":{"line":61,"column":12},"end":{"line":63,"column":13}},"type":"if","locations":[{"start":{"line":61,"column":12},"end":{"line":63,"column":13}}]},"3":{"loc":{"start":{"line":83,"column":27},"end":{"line":83,"column":80}},"type":"cond-expr","locations":[{"start":{"line":83,"column":39},"end":{"line":83,"column":68}},{"start":{"line":83,"column":71},"end":{"line":83,"column":80}}]},"4":{"loc":{"start":{"line":84,"column":25},"end":{"line":84,"column":74}},"type":"cond-expr","locations":[{"start":{"line":84,"column":35},"end":{"line":84,"column":62}},{"start":{"line":84,"column":65},"end":{"line":84,"column":74}}]},"5":{"loc":{"start":{"line":86,"column":23},"end":{"line":86,"column":68}},"type":"cond-expr","locations":[{"start":{"line":86,"column":31},"end":{"line":86,"column":56}},{"start":{"line":86,"column":59},"end":{"line":86,"column":68}}]},"6":{"loc":{"start":{"line":87,"column":24},"end":{"line":87,"column":71}},"type":"cond-expr","locations":[{"start":{"line":87,"column":33},"end":{"line":87,"column":59}},{"start":{"line":87,"column":62},"end":{"line":87,"column":71}}]},"7":{"loc":{"start":{"line":111,"column":12},"end":{"line":115,"column":13}},"type":"if","locations":[{"start":{"line":111,"column":12},"end":{"line":115,"column":13}}]},"8":{"loc":{"start":{"line":111,"column":16},"end":{"line":111,"column":37}},"type":"binary-expr","locations":[{"start":{"line":111,"column":16},"end":{"line":111,"column":24}},{"start":{"line":111,"column":28},"end":{"line":111,"column":37}}]}},"s":{"0":0,"1":0,"2":0,"3":0,"4":0,"5":0,"6":0,"7":0,"8":0,"9":0,"10":0,"11":0,"12":0,"13":0,"14":0,"15":0,"16":0,"17":0,"18":0,"19":0,"20":0,"21":0,"22":0,"23":0,"24":0,"25":0,"26":0,"27":0,"28":0,"29":0,"30":0,"31":0,"32":0,"33":0,"34":0,"35":0,"36":0,"37":0,"38":0,"39":0,"40":0,"41":0,"42":0,"43":0,"44":0,"45":0,"46":0,"47":0,"48":0},"f":{"0":0,"1":0,"2":0,"3":0,"4":0,"5":0,"6":0,"7":0},"b":{"0":[0,0],"1":[0],"2":[0],"3":[0,0],"4":[0,0],"5":[0,0],"6":[0,0],"7":[0],"8":[0,0]}}
,"/Users/suraj/learnings/crm-bulk-actions/src/controllers/contactController.ts": {"path":"/Users/suraj/learnings/crm-bulk-actions/src/controllers/contactController.ts","statementMap":{"0":{"start":{"line":6,"column":12},"end":{"line":6,"column":null}},"1":{"start":{"line":8,"column":8},"end":{"line":28,"column":9}},"2":{"start":{"line":9,"column":34},"end":{"line":9,"column":63}},"3":{"start":{"line":12,"column":29},"end":{"line":12,"column":87}},"4":{"start":{"line":13,"column":12},"end":{"line":17,"column":13}},"5":{"start":{"line":14,"column":16},"end":{"line":16,"column":19}},"6":{"start":{"line":19,"column":28},"end":{"line":19,"column":75}},"7":{"start":{"line":20,"column":12},"end":{"line":20,"column":42}},"8":{"start":{"line":22,"column":12},"end":{"line":22,"column":null}},"9":{"start":{"line":23,"column":12},"end":{"line":27,"column":13}},"10":{"start":{"line":24,"column":16},"end":{"line":24,"column":63}},"11":{"start":{"line":26,"column":16},"end":{"line":26,"column":73}},"12":{"start":{"line":32,"column":8},"end":{"line":46,"column":9}},"13":{"start":{"line":33,"column":23},"end":{"line":33,"column":46}},"14":{"start":{"line":34,"column":12},"end":{"line":36,"column":13}},"15":{"start":{"line":35,"column":16},"end":{"line":35,"column":76}},"16":{"start":{"line":38,"column":28},"end":{"line":38,"column":66}},"17":{"start":{"line":39,"column":12},"end":{"line":41,"column":13}},"18":{"start":{"line":40,"column":16},"end":{"line":40,"column":76}},"19":{"start":{"line":43,"column":12},"end":{"line":43,"column":30}},"20":{"start":{"line":45,"column":12},"end":{"line":45,"column":69}},"21":{"start":{"line":50,"column":8},"end":{"line":83,"column":9}},"22":{"start":{"line":51,"column":23},"end":{"line":51,"column":46}},"23":{"start":{"line":52,"column":12},"end":{"line":54,"column":13}},"24":{"start":{"line":53,"column":16},"end":{"line":53,"column":76}},"25":{"start":{"line":57,"column":34},"end":{"line":57,"column":73}},"26":{"start":{"line":60,"column":29},"end":{"line":60,"column":67}},"27":{"start":{"line":61,"column":12},"end":{"line":63,"column":13}},"28":{"start":{"line":62,"column":16},"end":{"line":62,"column":76}},"29":{"start":{"line":66,"column":12},"end":{"line":73,"column":13}},"30":{"start":{"line":67,"column":36},"end":{"line":67,"column":94}},"31":{"start":{"line":68,"column":16},"end":{"line":72,"column":17}},"32":{"start":{"line":69,"column":20},"end":{"line":71,"column":23}},"33":{"start":{"line":75,"column":28},"end":{"line":75,"column":79}},"34":{"start":{"line":76,"column":12},"end":{"line":76,"column":30}},"35":{"start":{"line":78,"column":12},"end":{"line":82,"column":13}},"36":{"start":{"line":79,"column":16},"end":{"line":79,"column":63}},"37":{"start":{"line":81,"column":16},"end":{"line":81,"column":73}},"38":{"start":{"line":87,"column":8},"end":{"line":101,"column":9}},"39":{"start":{"line":88,"column":23},"end":{"line":88,"column":46}},"40":{"start":{"line":89,"column":12},"end":{"line":91,"column":13}},"41":{"start":{"line":90,"column":16},"end":{"line":90,"column":76}},"42":{"start":{"line":93,"column":28},"end":{"line":93,"column":64}},"43":{"start":{"line":94,"column":12},"end":{"line":96,"column":13}},"44":{"start":{"line":95,"column":16},"end":{"line":95,"column":76}},"45":{"start":{"line":98,"column":12},"end":{"line":98,"column":35}},"46":{"start":{"line":100,"column":12},"end":{"line":100,"column":69}},"47":{"start":{"line":105,"column":8},"end":{"line":117,"column":9}},"48":{"start":{"line":106,"column":25},"end":{"line":106,"column":64}},"49":{"start":{"line":107,"column":26},"end":{"line":107,"column":67}},"50":{"start":{"line":109,"column":12},"end":{"line":111,"column":13}},"51":{"start":{"line":110,"column":16},"end":{"line":110,"column":88}},"52":{"start":{"line":113,"column":27},"end":{"line":113,"column":70}},"53":{"start":{"line":114,"column":12},"end":{"line":114,"column":29}},"54":{"start":{"line":116,"column":12},"end":{"line":116,"column":69}}},"fnMap":{"0":{"name":"(anonymous_0)","decl":{"start":{"line":5,"column":0},"end":{"line":5,"column":6}},"loc":{"start":{"line":5,"column":0},"end":{"line":120,"column":1}}},"1":{"name":"(anonymous_1)","decl":{"start":{"line":7,"column":4},"end":{"line":7,"column":9}},"loc":{"start":{"line":7,"column":44},"end":{"line":29,"column":5}}},"2":{"name":"(anonymous_2)","decl":{"start":{"line":31,"column":4},"end":{"line":31,"column":9}},"loc":{"start":{"line":31,"column":41},"end":{"line":47,"column":5}}},"3":{"name":"(anonymous_3)","decl":{"start":{"line":49,"column":4},"end":{"line":49,"column":9}},"loc":{"start":{"line":49,"column":44},"end":{"line":84,"column":5}}},"4":{"name":"(anonymous_4)","decl":{"start":{"line":86,"column":4},"end":{"line":86,"column":9}},"loc":{"start":{"line":86,"column":44},"end":{"line":102,"column":5}}},"5":{"name":"(anonymous_5)","decl":{"start":{"line":104,"column":4},"end":{"line":104,"column":9}},"loc":{"start":{"line":104,"column":42},"end":{"line":118,"column":5}}}},"branchMap":{"0":{"loc":{"start":{"line":13,"column":12},"end":{"line":17,"column":13}},"type":"if","locations":[{"start":{"line":13,"column":12},"end":{"line":17,"column":13}}]},"1":{"loc":{"start":{"line":23,"column":12},"end":{"line":27,"column":13}},"type":"if","locations":[{"start":{"line":23,"column":12},"end":{"line":27,"column":13}},{"start":{"line":25,"column":19},"end":{"line":27,"column":13}}]},"2":{"loc":{"start":{"line":34,"column":12},"end":{"line":36,"column":13}},"type":"if","locations":[{"start":{"line":34,"column":12},"end":{"line":36,"column":13}}]},"3":{"loc":{"start":{"line":39,"column":12},"end":{"line":41,"column":13}},"type":"if","locations":[{"start":{"line":39,"column":12},"end":{"line":41,"column":13}}]},"4":{"loc":{"start":{"line":52,"column":12},"end":{"line":54,"column":13}},"type":"if","locations":[{"start":{"line":52,"column":12},"end":{"line":54,"column":13}}]},"5":{"loc":{"start":{"line":61,"column":12},"end":{"line":63,"column":13}},"type":"if","locations":[{"start":{"line":61,"column":12},"end":{"line":63,"column":13}}]},"6":{"loc":{"start":{"line":66,"column":12},"end":{"line":73,"column":13}},"type":"if","locations":[{"start":{"line":66,"column":12},"end":{"line":73,"column":13}}]},"7":{"loc":{"start":{"line":66,"column":16},"end":{"line":66,"column":77}},"type":"binary-expr","locations":[{"start":{"line":66,"column":16},"end":{"line":66,"column":35}},{"start":{"line":66,"column":39},"end":{"line":66,"column":77}}]},"8":{"loc":{"start":{"line":68,"column":16},"end":{"line":72,"column":17}},"type":"if","locations":[{"start":{"line":68,"column":16},"end":{"line":72,"column":17}}]},"9":{"loc":{"start":{"line":78,"column":12},"end":{"line":82,"column":13}},"type":"if","locations":[{"start":{"line":78,"column":12},"end":{"line":82,"column":13}},{"start":{"line":80,"column":19},"end":{"line":82,"column":13}}]},"10":{"loc":{"start":{"line":89,"column":12},"end":{"line":91,"column":13}},"type":"if","locations":[{"start":{"line":89,"column":12},"end":{"line":91,"column":13}}]},"11":{"loc":{"start":{"line":94,"column":12},"end":{"line":96,"column":13}},"type":"if","locations":[{"start":{"line":94,"column":12},"end":{"line":96,"column":13}}]},"12":{"loc":{"start":{"line":106,"column":25},"end":{"line":106,"column":64}},"type":"binary-expr","locations":[{"start":{"line":106,"column":25},"end":{"line":106,"column":59}},{"start":{"line":106,"column":63},"end":{"line":106,"column":64}}]},"13":{"loc":{"start":{"line":107,"column":26},"end":{"line":107,"column":67}},"type":"binary-expr","locations":[{"start":{"line":107,"column":26},"end":{"line":107,"column":61}},{"start":{"line":107,"column":65},"end":{"line":107,"column":67}}]},"14":{"loc":{"start":{"line":109,"column":12},"end":{"line":111,"column":13}},"type":"if","locations":[{"start":{"line":109,"column":12},"end":{"line":111,"column":13}}]},"15":{"loc":{"start":{"line":109,"column":16},"end":{"line":109,"column":37}},"type":"binary-expr","locations":[{"start":{"line":109,"column":16},"end":{"line":109,"column":24}},{"start":{"line":109,"column":28},"end":{"line":109,"column":37}}]}},"s":{"0":0,"1":0,"2":0,"3":0,"4":0,"5":0,"6":0,"7":0,"8":0,"9":0,"10":0,"11":0,"12":0,"13":0,"14":0,"15":0,"16":0,"17":0,"18":0,"19":0,"20":0,"21":0,"22":0,"23":0,"24":0,"25":0,"26":0,"27":0,"28":0,"29":0,"30":0,"31":0,"32":0,"33":0,"34":0,"35":0,"36":0,"37":0,"38":0,"39":0,"40":0,"41":0,"42":0,"43":0,"44":0,"45":0,"46":0,"47":0,"48":0,"49":0,"50":0,"51":0,"52":0,"53":0,"54":0},"f":{"0":0,"1":0,"2":0,"3":0,"4":0,"5":0},"b":{"0":[0],"1":[0,0],"2":[0],"3":[0],"4":[0],"5":[0],"6":[0],"7":[0,0],"8":[0],"9":[0,0],"10":[0],"11":[0],"12":[0,0],"13":[0,0],"14":[0],"15":[0,0]}}
,"/Users/suraj/learnings/crm-bulk-actions/src/middlewares/auth.ts": {"path":"/Users/suraj/learnings/crm-bulk-actions/src/middlewares/auth.ts","statementMap":{"0":{"start":{"line":9,"column":30},"end":{"line":32,"column":1}},"1":{"start":{"line":14,"column":4},"end":{"line":31,"column":5}},"2":{"start":{"line":15,"column":22},"end":{"line":15,"column":62}},"3":{"start":{"line":16,"column":8},"end":{"line":18,"column":9}},"4":{"start":{"line":17,"column":12},"end":{"line":17,"column":72}},"5":{"start":{"line":20,"column":24},"end":{"line":20,"column":80}},"6":{"start":{"line":23,"column":8},"end":{"line":26,"column":10}},"7":{"start":{"line":28,"column":8},"end":{"line":28,"column":15}},"8":{"start":{"line":30,"column":8},"end":{"line":30,"column":57}}},"fnMap":{"0":{"name":"(anonymous_0)","decl":{"start":{"line":9,"column":30},"end":{"line":9,"column":35}},"loc":{"start":{"line":13,"column":4},"end":{"line":32,"column":1}}}},"branchMap":{"0":{"loc":{"start":{"line":16,"column":8},"end":{"line":18,"column":9}},"type":"if","locations":[{"start":{"line":16,"column":8},"end":{"line":18,"column":9}}]}},"s":{"0":0,"1":0,"2":0,"3":0,"4":0,"5":0,"6":0,"7":0,"8":0},"f":{"0":0},"b":{"0":[0]}}
,"/Users/suraj/learnings/crm-bulk-actions/src/middlewares/rateLimiter.ts": {"path":"/Users/suraj/learnings/crm-bulk-actions/src/middlewares/rateLimiter.ts","statementMap":{"0":{"start":{"line":3,"column":23},"end":{"line":3,"column":43}},"1":{"start":{"line":6,"column":37},"end":{"line":24,"column":1}},"2":{"start":{"line":11,"column":4},"end":{"line":23,"column":5}},"3":{"start":{"line":12,"column":26},"end":{"line":12,"column":45}},"4":{"start":{"line":13,"column":8},"end":{"line":15,"column":9}},"5":{"start":{"line":14,"column":12},"end":{"line":14,"column":null}},"6":{"start":{"line":16,"column":24},"end":{"line":16,"column":81}},"7":{"start":{"line":17,"column":8},"end":{"line":19,"column":9}},"8":{"start":{"line":18,"column":12},"end":{"line":18,"column":null}},"9":{"start":{"line":20,"column":8},"end":{"line":20,"column":null}},"10":{"start":{"line":22,"column":8},"end":{"line":22,"column":null}}},"fnMap":{"0":{"name":"(anonymous_0)","decl":{"start":{"line":6,"column":37},"end":{"line":6,"column":42}},"loc":{"start":{"line":10,"column":4},"end":{"line":24,"column":1}}}},"branchMap":{"0":{"loc":{"start":{"line":13,"column":8},"end":{"line":15,"column":9}},"type":"if","locations":[{"start":{"line":13,"column":8},"end":{"line":15,"column":9}}]},"1":{"loc":{"start":{"line":17,"column":8},"end":{"line":19,"column":9}},"type":"if","locations":[{"start":{"line":17,"column":8},"end":{"line":19,"column":9}}]}},"s":{"0":0,"1":0,"2":0,"3":0,"4":0,"5":0,"6":0,"7":0,"8":0,"9":0,"10":0},"f":{"0":0},"b":{"0":[0],"1":[0]}}
,"/Users/suraj/learnings/crm-bulk-actions/src/models/contact.ts": {"path":"/Users/suraj/learnings/crm-bulk-actions/src/models/contact.ts","statementMap":{"0":{"start":{"line":3,"column":29},"end":{"line":8,"column":2}}},"fnMap":{},"branchMap":{},"s":{"0":0},"f":{},"b":{}}
,"/Users/suraj/learnings/crm-bulk-actions/src/routes/auth.ts": {"path":"/Users/suraj/learnings/crm-bulk-actions/src/routes/auth.ts","statementMap":{"0":{"start":{"line":5,"column":15},"end":{"line":5,"column":23}},"1":{"start":{"line":6,"column":19},"end":{"line":6,"column":39}},"2":{"start":{"line":8,"column":0},"end":{"line":8,"column":63}},"3":{"start":{"line":9,"column":0},"end":{"line":9,"column":57}},"4":{"start":{"line":10,"column":0},"end":{"line":10,"column":66}},"5":{"start":{"line":11,"column":0},"end":{"line":11,"column":59}}},"fnMap":{},"branchMap":{},"s":{"0":0,"1":0,"2":0,"3":0,"4":0,"5":0},"f":{},"b":{}}
,"/Users/suraj/learnings/crm-bulk-actions/src/routes/bulkAction.ts": {"path":"/Users/suraj/learnings/crm-bulk-actions/src/routes/bulkAction.ts","statementMap":{"0":{"start":{"line":7,"column":15},"end":{"line":7,"column":23}},"1":{"start":{"line":8,"column":19},"end":{"line":8,"column":45}},"2":{"start":{"line":10,"column":0},"end":{"line":10,"column":null}},"3":{"start":{"line":11,"column":0},"end":{"line":11,"column":null}},"4":{"start":{"line":14,"column":0},"end":{"line":14,"column":null}},"5":{"start":{"line":15,"column":0},"end":{"line":15,"column":null}},"6":{"start":{"line":16,"column":0},"end":{"line":16,"column":null}},"7":{"start":{"line":17,"column":0},"end":{"line":17,"column":null}},"8":{"start":{"line":18,"column":0},"end":{"line":18,"column":61}},"9":{"start":{"line":19,"column":0},"end":{"line":19,"column":71}},"10":{"start":{"line":21,"column":0},"end":{"line":25,"column":3}},"11":{"start":{"line":22,"column":28},"end":{"line":22,"column":52}},"12":{"start":{"line":23,"column":20},"end":{"line":23,"column":87}},"13":{"start":{"line":24,"column":4},"end":{"line":24,"column":22}},"14":{"start":{"line":27,"column":0},"end":{"line":34,"column":3}},"15":{"start":{"line":28,"column":28},"end":{"line":28,"column":52}},"16":{"start":{"line":29,"column":23},"end":{"line":31,"column":null}},"17":{"start":{"line":33,"column":4},"end":{"line":33,"column":25}}},"fnMap":{"0":{"name":"(anonymous_0)","decl":{"start":{"line":21,"column":27},"end":{"line":21,"column":32}},"loc":{"start":{"line":21,"column":46},"end":{"line":25,"column":1}}},"1":{"name":"(anonymous_1)","decl":{"start":{"line":27,"column":30},"end":{"line":27,"column":35}},"loc":{"start":{"line":27,"column":49},"end":{"line":34,"column":1}}}},"branchMap":{},"s":{"0":0,"1":0,"2":0,"3":0,"4":0,"5":0,"6":0,"7":0,"8":0,"9":0,"10":0,"11":0,"12":0,"13":0,"14":0,"15":0,"16":0,"17":0},"f":{"0":0,"1":0},"b":{}}
,"/Users/suraj/learnings/crm-bulk-actions/src/routes/contact.ts": {"path":"/Users/suraj/learnings/crm-bulk-actions/src/routes/contact.ts","statementMap":{"0":{"start":{"line":6,"column":15},"end":{"line":6,"column":23}},"1":{"start":{"line":7,"column":19},"end":{"line":7,"column":42}},"2":{"start":{"line":9,"column":0},"end":{"line":9,"column":27}},"3":{"start":{"line":10,"column":0},"end":{"line":10,"column":34}},"4":{"start":{"line":12,"column":0},"end":{"line":12,"column":53}},"5":{"start":{"line":13,"column":0},"end":{"line":13,"column":52}},"6":{"start":{"line":14,"column":0},"end":{"line":14,"column":55}},"7":{"start":{"line":15,"column":0},"end":{"line":15,"column":58}},"8":{"start":{"line":16,"column":0},"end":{"line":16,"column":50}}},"fnMap":{},"branchMap":{},"s":{"0":0,"1":0,"2":0,"3":0,"4":0,"5":0,"6":0,"7":0,"8":0},"f":{},"b":{}}
,"/Users/suraj/learnings/crm-bulk-actions/src/services/auth/authService.ts": {"path":"/Users/suraj/learnings/crm-bulk-actions/src/services/auth/authService.ts","statementMap":{"0":{"start":{"line":14,"column":29},"end":{"line":14,"column":81}},"1":{"start":{"line":16,"column":23},"end":{"line":20,"column":null}},"2":{"start":{"line":23,"column":8},"end":{"line":23,"column":30}},"3":{"start":{"line":27,"column":23},"end":{"line":29,"column":null}},"4":{"start":{"line":32,"column":21},"end":{"line":32,"column":35}},"5":{"start":{"line":33,"column":8},"end":{"line":33,"column":31}},"6":{"start":{"line":33,"column":19},"end":{"line":33,"column":31}},"7":{"start":{"line":35,"column":24},"end":{"line":35,"column":74}},"8":{"start":{"line":36,"column":8},"end":{"line":36,"column":34}},"9":{"start":{"line":36,"column":22},"end":{"line":36,"column":34}},"10":{"start":{"line":39,"column":8},"end":{"line":39,"column":34}},"11":{"start":{"line":40,"column":8},"end":{"line":40,"column":20}},"12":{"start":{"line":44,"column":23},"end":{"line":46,"column":null}},"13":{"start":{"line":48,"column":8},"end":{"line":48,"column":38}},"14":{"start":{"line":56,"column":23},"end":{"line":56,"column":45}},"15":{"start":{"line":57,"column":8},"end":{"line":83,"column":9}},"16":{"start":{"line":58,"column":12},"end":{"line":58,"column":40}},"17":{"start":{"line":61,"column":34},"end":{"line":65,"column":null}},"18":{"start":{"line":67,"column":28},"end":{"line":67,"column":49}},"19":{"start":{"line":70,"column":12},"end":{"line":74,"column":14}},"20":{"start":{"line":76,"column":12},"end":{"line":76,"column":41}},"21":{"start":{"line":77,"column":12},"end":{"line":77,"column":27}},"22":{"start":{"line":79,"column":12},"end":{"line":79,"column":43}},"23":{"start":{"line":80,"column":12},"end":{"line":80,"column":24}},"24":{"start":{"line":82,"column":12},"end":{"line":82,"column":29}},"25":{"start":{"line":87,"column":23},"end":{"line":94,"column":null}},"26":{"start":{"line":96,"column":8},"end":{"line":96,"column":38}},"27":{"start":{"line":100,"column":23},"end":{"line":106,"column":null}},"28":{"start":{"line":108,"column":8},"end":{"line":108,"column":27}},"29":{"start":{"line":8,"column":28},"end":{"line":8,"column":45}}},"fnMap":{"0":{"name":"(anonymous_0)","decl":{"start":{"line":10,"column":4},"end":{"line":10,"column":9}},"loc":{"start":{"line":12,"column":24},"end":{"line":24,"column":5}}},"1":{"name":"(anonymous_1)","decl":{"start":{"line":26,"column":4},"end":{"line":26,"column":9}},"loc":{"start":{"line":26,"column":54},"end":{"line":41,"column":5}}},"2":{"name":"(anonymous_2)","decl":{"start":{"line":43,"column":4},"end":{"line":43,"column":9}},"loc":{"start":{"line":43,"column":35},"end":{"line":49,"column":5}}},"3":{"name":"(anonymous_3)","decl":{"start":{"line":51,"column":4},"end":{"line":51,"column":9}},"loc":{"start":{"line":53,"column":27},"end":{"line":84,"column":5}}},"4":{"name":"(anonymous_4)","decl":{"start":{"line":86,"column":4},"end":{"line":86,"column":9}},"loc":{"start":{"line":86,"column":42},"end":{"line":97,"column":5}}},"5":{"name":"(anonymous_5)","decl":{"start":{"line":99,"column":4},"end":{"line":99,"column":9}},"loc":{"start":{"line":99,"column":40},"end":{"line":109,"column":5}}}},"branchMap":{"0":{"loc":{"start":{"line":33,"column":8},"end":{"line":33,"column":31}},"type":"if","locations":[{"start":{"line":33,"column":8},"end":{"line":33,"column":31}}]},"1":{"loc":{"start":{"line":36,"column":8},"end":{"line":36,"column":34}},"type":"if","locations":[{"start":{"line":36,"column":8},"end":{"line":36,"column":34}}]},"2":{"loc":{"start":{"line":48,"column":15},"end":{"line":48,"column":37}},"type":"binary-expr","locations":[{"start":{"line":48,"column":15},"end":{"line":48,"column":29}},{"start":{"line":48,"column":33},"end":{"line":48,"column":37}}]},"3":{"loc":{"start":{"line":96,"column":15},"end":{"line":96,"column":37}},"type":"binary-expr","locations":[{"start":{"line":96,"column":15},"end":{"line":96,"column":29}},{"start":{"line":96,"column":33},"end":{"line":96,"column":37}}]}},"s":{"0":0,"1":0,"2":0,"3":0,"4":0,"5":0,"6":0,"7":0,"8":0,"9":0,"10":0,"11":0,"12":0,"13":0,"14":0,"15":0,"16":0,"17":0,"18":0,"19":0,"20":0,"21":0,"22":0,"23":0,"24":0,"25":0,"26":0,"27":0,"28":0,"29":0},"f":{"0":0,"1":0,"2":0,"3":0,"4":0,"5":0},"b":{"0":[0],"1":[0],"2":[0,0],"3":[0,0]}}
,"/Users/suraj/learnings/crm-bulk-actions/src/services/auth/jwtService.ts": {"path":"/Users/suraj/learnings/crm-bulk-actions/src/services/auth/jwtService.ts","statementMap":{"0":{"start":{"line":7,"column":21},"end":{"line":7,"column":56}},"1":{"start":{"line":8,"column":21},"end":{"line":8,"column":57}},"2":{"start":{"line":11,"column":8},"end":{"line":11,"column":70}},"3":{"start":{"line":12,"column":8},"end":{"line":12,"column":48}},"4":{"start":{"line":16,"column":28},"end":{"line":19,"column":null}},"5":{"start":{"line":22,"column":29},"end":{"line":25,"column":null}},"6":{"start":{"line":29,"column":8},"end":{"line":33,"column":10}},"7":{"start":{"line":35,"column":8},"end":{"line":35,"column":45}},"8":{"start":{"line":39,"column":8},"end":{"line":56,"column":9}},"9":{"start":{"line":40,"column":28},"end":{"line":40,"column":null}},"10":{"start":{"line":45,"column":32},"end":{"line":45,"column":71}},"11":{"start":{"line":46,"column":12},"end":{"line":48,"column":13}},"12":{"start":{"line":47,"column":16},"end":{"line":47,"column":57}},"13":{"start":{"line":50,"column":27},"end":{"line":50,"column":87}},"14":{"start":{"line":51,"column":12},"end":{"line":51,"column":55}},"15":{"start":{"line":53,"column":12},"end":{"line":53,"column":26}},"16":{"start":{"line":55,"column":12},"end":{"line":55,"column":53}},"17":{"start":{"line":60,"column":8},"end":{"line":60,"column":51}}},"fnMap":{"0":{"name":"(anonymous_0)","decl":{"start":{"line":10,"column":4},"end":{"line":10,"column":null}},"loc":{"start":{"line":10,"column":4},"end":{"line":13,"column":5}}},"1":{"name":"(anonymous_1)","decl":{"start":{"line":15,"column":4},"end":{"line":15,"column":9}},"loc":{"start":{"line":15,"column":58},"end":{"line":36,"column":5}}},"2":{"name":"(anonymous_2)","decl":{"start":{"line":38,"column":4},"end":{"line":38,"column":9}},"loc":{"start":{"line":38,"column":44},"end":{"line":57,"column":5}}},"3":{"name":"(anonymous_3)","decl":{"start":{"line":59,"column":4},"end":{"line":59,"column":9}},"loc":{"start":{"line":59,"column":42},"end":{"line":61,"column":5}}}},"branchMap":{"0":{"loc":{"start":{"line":11,"column":26},"end":{"line":11,"column":69}},"type":"binary-expr","locations":[{"start":{"line":11,"column":26},"end":{"line":11,"column":48}},{"start":{"line":11,"column":52},"end":{"line":11,"column":69}}]},"1":{"loc":{"start":{"line":46,"column":12},"end":{"line":48,"column":13}},"type":"if","locations":[{"start":{"line":46,"column":12},"end":{"line":48,"column":13}}]}},"s":{"0":0,"1":0,"2":0,"3":0,"4":0,"5":0,"6":0,"7":0,"8":0,"9":0,"10":0,"11":0,"12":0,"13":0,"14":0,"15":0,"16":0,"17":0},"f":{"0":0,"1":0,"2":0,"3":0},"b":{"0":[0,0],"1":[0]}}
,"/Users/suraj/learnings/crm-bulk-actions/src/services/bulk/bulkActionService.ts": {"path":"/Users/suraj/learnings/crm-bulk-actions/src/services/bulk/bulkActionService.ts","statementMap":{"0":{"start":{"line":1,"column":0},"end":{"line":1,"column":45}},"1":{"start":{"line":2,"column":0},"end":{"line":2,"column":49}},"2":{"start":{"line":3,"column":0},"end":{"line":3,"column":48}},"3":{"start":{"line":8,"column":12},"end":{"line":8,"column":null}},"4":{"start":{"line":9,"column":12},"end":{"line":9,"column":null}},"5":{"start":{"line":10,"column":12},"end":{"line":10,"column":null}},"6":{"start":{"line":13,"column":8},"end":{"line":22,"column":9}},"7":{"start":{"line":14,"column":12},"end":{"line":21,"column":13}},"8":{"start":{"line":15,"column":16},"end":{"line":15,"column":46}},"9":{"start":{"line":16,"column":16},"end":{"line":16,"column":40}},"10":{"start":{"line":17,"column":16},"end":{"line":17,"column":72}},"11":{"start":{"line":19,"column":16},"end":{"line":19,"column":68}},"12":{"start":{"line":20,"column":16},"end":{"line":20,"column":62}},"13":{"start":{"line":26,"column":8},"end":{"line":26,"column":37}},"14":{"start":{"line":30,"column":8},"end":{"line":33,"column":9}},"15":{"start":{"line":31,"column":12},"end":{"line":31,"column":45}},"16":{"start":{"line":32,"column":12},"end":{"line":32,"column":37}},"17":{"start":{"line":42,"column":23},"end":{"line":53,"column":null}},"18":{"start":{"line":56,"column":27},"end":{"line":56,"column":41}},"19":{"start":{"line":58,"column":8},"end":{"line":71,"column":9}},"20":{"start":{"line":59,"column":12},"end":{"line":70,"column":null}},"21":{"start":{"line":72,"column":8},"end":{"line":72,"column":null}},"22":{"start":{"line":81,"column":23},"end":{"line":81,"column":41}},"23":{"start":{"line":82,"column":42},"end":{"line":85,"column":null}},"24":{"start":{"line":87,"column":22},"end":{"line":87,"column":57}},"25":{"start":{"line":88,"column":27},"end":{"line":88,"column":51}},"26":{"start":{"line":89,"column":8},"end":{"line":92,"column":null}},"27":{"start":{"line":96,"column":23},"end":{"line":96,"column":88}},"28":{"start":{"line":97,"column":8},"end":{"line":97,"column":null}},"29":{"start":{"line":102,"column":23},"end":{"line":108,"column":48}},"30":{"start":{"line":109,"column":8},"end":{"line":109,"column":null}},"31":{"start":{"line":113,"column":8},"end":{"line":120,"column":10}},"32":{"start":{"line":131,"column":8},"end":{"line":139,"column":10}},"33":{"start":{"line":143,"column":23},"end":{"line":148,"column":null}},"34":{"start":{"line":150,"column":8},"end":{"line":150,"column":30}},"35":{"start":{"line":154,"column":8},"end":{"line":160,"column":10}},"36":{"start":{"line":7,"column":0},"end":{"line":7,"column":13}}},"fnMap":{"0":{"name":"(anonymous_0)","decl":{"start":{"line":7,"column":0},"end":{"line":7,"column":13}},"loc":{"start":{"line":7,"column":0},"end":{"line":164,"column":1}}},"1":{"name":"(anonymous_1)","decl":{"start":{"line":12,"column":12},"end":{"line":12,"column":17}},"loc":{"start":{"line":12,"column":33},"end":{"line":23,"column":5}}},"2":{"name":"(anonymous_2)","decl":{"start":{"line":25,"column":4},"end":{"line":25,"column":9}},"loc":{"start":{"line":25,"column":20},"end":{"line":27,"column":5}}},"3":{"name":"(anonymous_3)","decl":{"start":{"line":29,"column":4},"end":{"line":29,"column":9}},"loc":{"start":{"line":29,"column":18},"end":{"line":34,"column":5}}},"4":{"name":"(anonymous_4)","decl":{"start":{"line":36,"column":4},"end":{"line":36,"column":9}},"loc":{"start":{"line":40,"column":27},"end":{"line":73,"column":5}}},"5":{"name":"(anonymous_5)","decl":{"start":{"line":75,"column":4},"end":{"line":75,"column":9}},"loc":{"start":{"line":75,"column":51},"end":{"line":93,"column":5}}},"6":{"name":"(anonymous_6)","decl":{"start":{"line":95,"column":4},"end":{"line":95,"column":9}},"loc":{"start":{"line":95,"column":34},"end":{"line":99,"column":5}}},"7":{"name":"(anonymous_7)","decl":{"start":{"line":101,"column":4},"end":{"line":101,"column":9}},"loc":{"start":{"line":101,"column":39},"end":{"line":110,"column":5}}},"8":{"name":"(anonymous_8)","decl":{"start":{"line":112,"column":4},"end":{"line":112,"column":9}},"loc":{"start":{"line":112,"column":49},"end":{"line":121,"column":5}}},"9":{"name":"(anonymous_9)","decl":{"start":{"line":123,"column":4},"end":{"line":123,"column":9}},"loc":{"start":{"line":129,"column":9},"end":{"line":140,"column":5}}},"10":{"name":"(anonymous_10)","decl":{"start":{"line":142,"column":4},"end":{"line":142,"column":9}},"loc":{"start":{"line":142,"column":59},"end":{"line":151,"column":5}}},"11":{"name":"(anonymous_11)","decl":{"start":{"line":153,"column":4},"end":{"line":153,"column":9}},"loc":{"start":{"line":153,"column":59},"end":{"line":161,"column":5}}}},"branchMap":{"0":{"loc":{"start":{"line":13,"column":8},"end":{"line":22,"column":9}},"type":"if","locations":[{"start":{"line":13,"column":8},"end":{"line":22,"column":9}}]},"1":{"loc":{"start":{"line":30,"column":8},"end":{"line":33,"column":9}},"type":"if","locations":[{"start":{"line":30,"column":8},"end":{"line":33,"column":9}}]},"2":{"loc":{"start":{"line":50,"column":16},"end":{"line":50,"column":54}},"type":"cond-expr","locations":[{"start":{"line":50,"column":31},"end":{"line":50,"column":42}},{"start":{"line":50,"column":45},"end":{"line":50,"column":54}}]},"3":{"loc":{"start":{"line":52,"column":16},"end":{"line":52,"column":36}},"type":"binary-expr","locations":[{"start":{"line":52,"column":16},"end":{"line":52,"column":28}},{"start":{"line":52,"column":32},"end":{"line":52,"column":36}}]},"4":{"loc":{"start":{"line":58,"column":8},"end":{"line":71,"column":9}},"type":"if","locations":[{"start":{"line":58,"column":8},"end":{"line":71,"column":9}}]},"5":{"loc":{"start":{"line":75,"column":15},"end":{"line":75,"column":31}},"type":"default-arg","locations":[{"start":{"line":75,"column":30},"end":{"line":75,"column":31}}]},"6":{"loc":{"start":{"line":75,"column":33},"end":{"line":75,"column":51}},"type":"default-arg","locations":[{"start":{"line":75,"column":49},"end":{"line":75,"column":51}}]}},"s":{"0":1,"1":1,"2":1,"3":0,"4":0,"5":0,"6":0,"7":0,"8":0,"9":0,"10":0,"11":0,"12":0,"13":0,"14":0,"15":0,"16":0,"17":0,"18":0,"19":0,"20":0,"21":0,"22":0,"23":0,"24":0,"25":0,"26":0,"27":0,"28":0,"29":0,"30":0,"31":0,"32":0,"33":0,"34":0,"35":0,"36":1},"f":{"0":0,"1":0,"2":0,"3":0,"4":0,"5":0,"6":0,"7":0,"8":0,"9":0,"10":0,"11":0},"b":{"0":[0],"1":[0],"2":[0,0],"3":[0,0],"4":[0],"5":[0],"6":[0]}}
,"/Users/suraj/learnings/crm-bulk-actions/src/services/bulk/kafkaConsumer.ts": {"path":"/Users/suraj/learnings/crm-bulk-actions/src/services/bulk/kafkaConsumer.ts","statementMap":{"0":{"start":{"line":2,"column":0},"end":{"line":2,"column":45}},"1":{"start":{"line":3,"column":0},"end":{"line":3,"column":58}},"2":{"start":{"line":4,"column":0},"end":{"line":4,"column":61}},"3":{"start":{"line":5,"column":0},"end":{"line":5,"column":48}},"4":{"start":{"line":6,"column":0},"end":{"line":6,"column":71}},"5":{"start":{"line":7,"column":0},"end":{"line":7,"column":85}},"6":{"start":{"line":28,"column":21},"end":{"line":28,"column":null}},"7":{"start":{"line":31,"column":8},"end":{"line":31,"column":77}},"8":{"start":{"line":32,"column":8},"end":{"line":32,"column":57}},"9":{"start":{"line":33,"column":8},"end":{"line":33,"column":51}},"10":{"start":{"line":34,"column":8},"end":{"line":34,"column":47}},"11":{"start":{"line":35,"column":8},"end":{"line":35,"column":52}},"12":{"start":{"line":36,"column":8},"end":{"line":36,"column":50}},"13":{"start":{"line":40,"column":8},"end":{"line":40,"column":38}},"14":{"start":{"line":41,"column":8},"end":{"line":41,"column":86}},"15":{"start":{"line":43,"column":8},"end":{"line":47,"column":11}},"16":{"start":{"line":45,"column":16},"end":{"line":45,"column":51}},"17":{"start":{"line":51,"column":8},"end":{"line":65,"column":9}},"18":{"start":{"line":52,"column":51},"end":{"line":52,"column":94}},"19":{"start":{"line":53,"column":31},"end":{"line":54,"column":null}},"20":{"start":{"line":57,"column":12},"end":{"line":59,"column":13}},"21":{"start":{"line":58,"column":16},"end":{"line":58,"column":55}},"22":{"start":{"line":61,"column":12},"end":{"line":61,"column":54}},"23":{"start":{"line":63,"column":12},"end":{"line":63,"column":62}},"24":{"start":{"line":69,"column":67},"end":{"line":69,"column":74}},"25":{"start":{"line":70,"column":26},"end":{"line":70,"column":76}},"26":{"start":{"line":71,"column":26},"end":{"line":71,"column":36}},"27":{"start":{"line":73,"column":8},"end":{"line":122,"column":9}},"28":{"start":{"line":74,"column":12},"end":{"line":74,"column":78}},"29":{"start":{"line":75,"column":12},"end":{"line":75,"column":59}},"30":{"start":{"line":77,"column":33},"end":{"line":77,"column":34}},"31":{"start":{"line":78,"column":30},"end":{"line":78,"column":31}},"32":{"start":{"line":79,"column":31},"end":{"line":79,"column":32}},"33":{"start":{"line":81,"column":34},"end":{"line":81,"column":96}},"34":{"start":{"line":82,"column":33},"end":{"line":82,"column":69}},"35":{"start":{"line":84,"column":12},"end":{"line":110,"column":13}},"36":{"start":{"line":84,"column":35},"end":{"line":84,"column":36}},"37":{"start":{"line":85,"column":36},"end":{"line":89,"column":null}},"38":{"start":{"line":92,"column":16},"end":{"line":92,"column":56}},"39":{"start":{"line":93,"column":16},"end":{"line":93,"column":50}},"40":{"start":{"line":94,"column":16},"end":{"line":94,"column":52}},"41":{"start":{"line":96,"column":16},"end":{"line":100,"column":19}},"42":{"start":{"line":102,"column":16},"end":{"line":109,"column":18}},"43":{"start":{"line":112,"column":12},"end":{"line":112,"column":77}},"44":{"start":{"line":113,"column":12},"end":{"line":117,"column":15}},"45":{"start":{"line":119,"column":12},"end":{"line":119,"column":74}},"46":{"start":{"line":120,"column":12},"end":{"line":120,"column":77}},"47":{"start":{"line":121,"column":12},"end":{"line":121,"column":24}},"48":{"start":{"line":131,"column":45},"end":{"line":131,"column":52}},"49":{"start":{"line":132,"column":22},"end":{"line":132,"column":85}},"50":{"start":{"line":133,"column":31},"end":{"line":133,"column":41}},"51":{"start":{"line":135,"column":8},"end":{"line":237,"column":9}},"52":{"start":{"line":136,"column":29},"end":{"line":139,"column":null}},"53":{"start":{"line":142,"column":28},"end":{"line":142,"column":29}},"54":{"start":{"line":143,"column":25},"end":{"line":143,"column":26}},"55":{"start":{"line":144,"column":26},"end":{"line":144,"column":27}},"56":{"start":{"line":146,"column":12},"end":{"line":208,"column":13}},"57":{"start":{"line":147,"column":41},"end":{"line":147,"column":51}},"58":{"start":{"line":148,"column":16},"end":{"line":207,"column":17}},"59":{"start":{"line":149,"column":20},"end":{"line":164,"column":21}},"60":{"start":{"line":150,"column":48},"end":{"line":151,"column":null}},"61":{"start":{"line":153,"column":24},"end":{"line":163,"column":25}},"62":{"start":{"line":154,"column":28},"end":{"line":154,"column":38}},"63":{"start":{"line":155,"column":28},"end":{"line":161,"column":30}},"64":{"start":{"line":162,"column":28},"end":{"line":162,"column":37}},"65":{"start":{"line":166,"column":20},"end":{"line":176,"column":22}},"66":{"start":{"line":168,"column":28},"end":{"line":168,"column":96}},"67":{"start":{"line":178,"column":20},"end":{"line":178,"column":32}},"68":{"start":{"line":179,"column":20},"end":{"line":185,"column":22}},"69":{"start":{"line":187,"column":20},"end":{"line":196,"column":21}},"70":{"start":{"line":188,"column":24},"end":{"line":195,"column":26}},"71":{"start":{"line":198,"column":20},"end":{"line":198,"column":29}},"72":{"start":{"line":199,"column":20},"end":{"line":206,"column":22}},"73":{"start":{"line":210,"column":12},"end":{"line":217,"column":14}},"74":{"start":{"line":219,"column":12},"end":{"line":225,"column":14}},"75":{"start":{"line":227,"column":12},"end":{"line":230,"column":14}},"76":{"start":{"line":232,"column":12},"end":{"line":232,"column":50}},"77":{"start":{"line":234,"column":12},"end":{"line":234,"column":79}},"78":{"start":{"line":235,"column":12},"end":{"line":235,"column":91}},"79":{"start":{"line":236,"column":12},"end":{"line":236,"column":24}},"80":{"start":{"line":241,"column":8},"end":{"line":250,"column":11}},"81":{"start":{"line":259,"column":8},"end":{"line":269,"column":11}},"82":{"start":{"line":278,"column":8},"end":{"line":289,"column":11}},"83":{"start":{"line":299,"column":8},"end":{"line":310,"column":11}},"84":{"start":{"line":320,"column":8},"end":{"line":332,"column":11}},"85":{"start":{"line":342,"column":8},"end":{"line":353,"column":11}},"86":{"start":{"line":364,"column":8},"end":{"line":377,"column":11}},"87":{"start":{"line":387,"column":8},"end":{"line":399,"column":11}},"88":{"start":{"line":410,"column":8},"end":{"line":421,"column":11}},"89":{"start":{"line":425,"column":8},"end":{"line":425,"column":41}},"90":{"start":{"line":20,"column":0},"end":{"line":20,"column":13}}},"fnMap":{"0":{"name":"(anonymous_0)","decl":{"start":{"line":30,"column":4},"end":{"line":30,"column":null}},"loc":{"start":{"line":30,"column":4},"end":{"line":37,"column":5}}},"1":{"name":"(anonymous_1)","decl":{"start":{"line":39,"column":4},"end":{"line":39,"column":9}},"loc":{"start":{"line":39,"column":15},"end":{"line":48,"column":5}}},"2":{"name":"(anonymous_2)","decl":{"start":{"line":44,"column":25},"end":{"line":44,"column":30}},"loc":{"start":{"line":44,"column":43},"end":{"line":46,"column":13}}},"3":{"name":"(anonymous_3)","decl":{"start":{"line":50,"column":12},"end":{"line":50,"column":17}},"loc":{"start":{"line":50,"column":82},"end":{"line":66,"column":5}}},"4":{"name":"(anonymous_4)","decl":{"start":{"line":68,"column":12},"end":{"line":68,"column":17}},"loc":{"start":{"line":68,"column":62},"end":{"line":123,"column":5}}},"5":{"name":"(anonymous_5)","decl":{"start":{"line":125,"column":12},"end":{"line":125,"column":17}},"loc":{"start":{"line":129,"column":34},"end":{"line":238,"column":5}}},"6":{"name":"(anonymous_6)","decl":{"start":{"line":167,"column":24},"end":{"line":167,"column":29}},"loc":{"start":{"line":167,"column":35},"end":{"line":169,"column":25}}},"7":{"name":"(anonymous_7)","decl":{"start":{"line":240,"column":12},"end":{"line":240,"column":17}},"loc":{"start":{"line":240,"column":68},"end":{"line":251,"column":5}}},"8":{"name":"(anonymous_8)","decl":{"start":{"line":253,"column":12},"end":{"line":253,"column":17}},"loc":{"start":{"line":257,"column":69},"end":{"line":270,"column":5}}},"9":{"name":"(anonymous_9)","decl":{"start":{"line":272,"column":12},"end":{"line":272,"column":17}},"loc":{"start":{"line":276,"column":25},"end":{"line":290,"column":5}}},"10":{"name":"(anonymous_10)","decl":{"start":{"line":292,"column":12},"end":{"line":292,"column":17}},"loc":{"start":{"line":297,"column":69},"end":{"line":311,"column":5}}},"11":{"name":"(anonymous_11)","decl":{"start":{"line":313,"column":12},"end":{"line":313,"column":17}},"loc":{"start":{"line":318,"column":25},"end":{"line":333,"column":5}}},"12":{"name":"(anonymous_12)","decl":{"start":{"line":335,"column":12},"end":{"line":335,"column":17}},"loc":{"start":{"line":340,"column":25},"end":{"line":354,"column":5}}},"13":{"name":"(anonymous_13)","decl":{"start":{"line":356,"column":12},"end":{"line":356,"column":17}},"loc":{"start":{"line":362,"column":25},"end":{"line":378,"column":5}}},"14":{"name":"(anonymous_14)","decl":{"start":{"line":380,"column":12},"end":{"line":380,"column":17}},"loc":{"start":{"line":385,"column":22},"end":{"line":400,"column":5}}},"15":{"name":"(anonymous_15)","decl":{"start":{"line":402,"column":12},"end":{"line":402,"column":17}},"loc":{"start":{"line":408,"column":23},"end":{"line":422,"column":5}}},"16":{"name":"(anonymous_16)","decl":{"start":{"line":424,"column":4},"end":{"line":424,"column":9}},"loc":{"start":{"line":424,"column":14},"end":{"line":426,"column":5}}}},"branchMap":{"0":{"loc":{"start":{"line":52,"column":62},"end":{"line":52,"column":93}},"type":"binary-expr","locations":[{"start":{"line":52,"column":62},"end":{"line":52,"column":87}},{"start":{"line":52,"column":91},"end":{"line":52,"column":93}}]},"1":{"loc":{"start":{"line":57,"column":12},"end":{"line":59,"column":13}},"type":"if","locations":[{"start":{"line":57,"column":12},"end":{"line":59,"column":13}}]},"2":{"loc":{"start":{"line":70,"column":26},"end":{"line":70,"column":76}},"type":"binary-expr","locations":[{"start":{"line":70,"column":26},"end":{"line":70,"column":49}},{"start":{"line":70,"column":53},"end":{"line":70,"column":76}}]},"3":{"loc":{"start":{"line":149,"column":20},"end":{"line":164,"column":21}},"type":"if","locations":[{"start":{"line":149,"column":20},"end":{"line":164,"column":21}}]},"4":{"loc":{"start":{"line":153,"column":24},"end":{"line":163,"column":25}},"type":"if","locations":[{"start":{"line":153,"column":24},"end":{"line":163,"column":25}}]},"5":{"loc":{"start":{"line":153,"column":28},"end":{"line":153,"column":80}},"type":"binary-expr","locations":[{"start":{"line":153,"column":28},"end":{"line":153,"column":43}},{"start":{"line":153,"column":47},"end":{"line":153,"column":80}}]},"6":{"loc":{"start":{"line":187,"column":20},"end":{"line":196,"column":21}},"type":"if","locations":[{"start":{"line":187,"column":20},"end":{"line":196,"column":21}}]},"7":{"loc":{"start":{"line":229,"column":16},"end":{"line":229,"column":67}},"type":"cond-expr","locations":[{"start":{"line":229,"column":45},"end":{"line":229,"column":53}},{"start":{"line":229,"column":56},"end":{"line":229,"column":67}}]},"8":{"loc":{"start":{"line":285,"column":24},"end":{"line":285,"column":53}},"type":"binary-expr","locations":[{"start":{"line":285,"column":24},"end":{"line":285,"column":34}},{"start":{"line":285,"column":38},"end":{"line":285,"column":53}}]},"9":{"loc":{"start":{"line":328,"column":24},"end":{"line":328,"column":53}},"type":"binary-expr","locations":[{"start":{"line":328,"column":24},"end":{"line":328,"column":34}},{"start":{"line":328,"column":38},"end":{"line":328,"column":53}}]},"10":{"loc":{"start":{"line":373,"column":24},"end":{"line":373,"column":53}},"type":"binary-expr","locations":[{"start":{"line":373,"column":24},"end":{"line":373,"column":34}},{"start":{"line":373,"column":38},"end":{"line":373,"column":53}}]}},"s":{"0":1,"1":1,"2":1,"3":1,"4":1,"5":1,"6":4,"7":4,"8":4,"9":4,"10":4,"11":4,"12":4,"13":4,"14":4,"15":4,"16":4,"17":4,"18":4,"19":4,"20":3,"21":1,"22":2,"23":2,"24":2,"25":2,"26":2,"27":2,"28":2,"29":2,"30":2,"31":2,"32":2,"33":2,"34":2,"35":2,"36":2,"37":3,"38":3,"39":3,"40":3,"41":3,"42":3,"43":2,"44":2,"45":0,"46":0,"47":0,"48":3,"49":3,"50":3,"51":3,"52":3,"53":3,"54":3,"55":3,"56":3,"57":4,"58":4,"59":4,"60":2,"61":2,"62":1,"63":1,"64":1,"65":3,"66":2,"67":3,"68":3,"69":3,"70":0,"71":0,"72":0,"73":3,"74":3,"75":3,"76":3,"77":0,"78":0,"79":0,"80":2,"81":2,"82":0,"83":3,"84":0,"85":3,"86":0,"87":1,"88":6,"89":0,"90":1},"f":{"0":4,"1":4,"2":4,"3":4,"4":2,"5":3,"6":2,"7":2,"8":2,"9":0,"10":3,"11":0,"12":3,"13":0,"14":1,"15":6,"16":0},"b":{"0":[4,0],"1":[1],"2":[2,0],"3":[2],"4":[1],"5":[2,2],"6":[0],"7":[0,3],"8":[0,0],"9":[0,0],"10":[0,0]}}
,"/Users/suraj/learnings/crm-bulk-actions/src/services/bulk/retryService.ts": {"path":"/Users/suraj/learnings/crm-bulk-actions/src/services/bulk/retryService.ts","statementMap":{"0":{"start":{"line":1,"column":0},"end":{"line":1,"column":85}},"1":{"start":{"line":16,"column":8},"end":{"line":16,"column":50}},"2":{"start":{"line":23,"column":38},"end":{"line":23,"column":42}},"3":{"start":{"line":24,"column":26},"end":{"line":24,"column":36}},"4":{"start":{"line":26,"column":8},"end":{"line":54,"column":9}},"5":{"start":{"line":26,"column":27},"end":{"line":26,"column":28}},"6":{"start":{"line":27,"column":12},"end":{"line":53,"column":13}},"7":{"start":{"line":28,"column":16},"end":{"line":32,"column":17}},"8":{"start":{"line":30,"column":20},"end":{"line":30,"column":76}},"9":{"start":{"line":31,"column":20},"end":{"line":31,"column":96}},"10":{"start":{"line":31,"column":49},"end":{"line":31,"column":94}},"11":{"start":{"line":34,"column":31},"end":{"line":34,"column":48}},"12":{"start":{"line":36,"column":16},"end":{"line":39,"column":17}},"13":{"start":{"line":38,"column":20},"end":{"line":38,"column":76}},"14":{"start":{"line":41,"column":16},"end":{"line":41,"column":30}},"15":{"start":{"line":44,"column":16},"end":{"line":44,"column":43}},"16":{"start":{"line":46,"column":16},"end":{"line":52,"column":17}},"17":{"start":{"line":48,"column":20},"end":{"line":48,"column":99}},"18":{"start":{"line":51,"column":20},"end":{"line":51,"column":98}},"19":{"start":{"line":57,"column":8},"end":{"line":57,"column":73}},"20":{"start":{"line":58,"column":8},"end":{"line":58,"column":24}},"21":{"start":{"line":66,"column":8},"end":{"line":86,"column":9}},"22":{"start":{"line":67,"column":12},"end":{"line":83,"column":15}},"23":{"start":{"line":85,"column":12},"end":{"line":85,"column":65}},"24":{"start":{"line":94,"column":8},"end":{"line":113,"column":9}},"25":{"start":{"line":95,"column":12},"end":{"line":110,"column":15}},"26":{"start":{"line":112,"column":12},"end":{"line":112,"column":65}},"27":{"start":{"line":123,"column":8},"end":{"line":148,"column":9}},"28":{"start":{"line":124,"column":12},"end":{"line":145,"column":15}},"29":{"start":{"line":147,"column":12},"end":{"line":147,"column":65}},"30":{"start":{"line":156,"column":8},"end":{"line":179,"column":9}},"31":{"start":{"line":157,"column":12},"end":{"line":176,"column":15}},"32":{"start":{"line":178,"column":12},"end":{"line":178,"column":72}},"33":{"start":{"line":10,"column":0},"end":{"line":10,"column":13}},"34":{"start":{"line":11,"column":28},"end":{"line":11,"column":44}},"35":{"start":{"line":12,"column":28},"end":{"line":12,"column":47}}},"fnMap":{"0":{"name":"(anonymous_0)","decl":{"start":{"line":15,"column":4},"end":{"line":15,"column":null}},"loc":{"start":{"line":15,"column":4},"end":{"line":17,"column":5}}},"1":{"name":"(anonymous_1)","decl":{"start":{"line":19,"column":4},"end":{"line":19,"column":9}},"loc":{"start":{"line":21,"column":29},"end":{"line":59,"column":5}}},"2":{"name":"(anonymous_2)","decl":{"start":{"line":31,"column":38},"end":{"line":31,"column":45}},"loc":{"start":{"line":31,"column":49},"end":{"line":31,"column":94}}},"3":{"name":"(anonymous_3)","decl":{"start":{"line":61,"column":12},"end":{"line":61,"column":17}},"loc":{"start":{"line":64,"column":25},"end":{"line":87,"column":5}}},"4":{"name":"(anonymous_4)","decl":{"start":{"line":89,"column":12},"end":{"line":89,"column":17}},"loc":{"start":{"line":92,"column":25},"end":{"line":114,"column":5}}},"5":{"name":"(anonymous_5)","decl":{"start":{"line":116,"column":12},"end":{"line":116,"column":17}},"loc":{"start":{"line":121,"column":24},"end":{"line":149,"column":5}}},"6":{"name":"(anonymous_6)","decl":{"start":{"line":151,"column":12},"end":{"line":151,"column":17}},"loc":{"start":{"line":154,"column":25},"end":{"line":180,"column":5}}}},"branchMap":{"0":{"loc":{"start":{"line":28,"column":16},"end":{"line":32,"column":17}},"type":"if","locations":[{"start":{"line":28,"column":16},"end":{"line":32,"column":17}}]},"1":{"loc":{"start":{"line":36,"column":16},"end":{"line":39,"column":17}},"type":"if","locations":[{"start":{"line":36,"column":16},"end":{"line":39,"column":17}}]},"2":{"loc":{"start":{"line":46,"column":16},"end":{"line":52,"column":17}},"type":"if","locations":[{"start":{"line":46,"column":16},"end":{"line":52,"column":17}},{"start":{"line":49,"column":23},"end":{"line":52,"column":17}}]},"3":{"loc":{"start":{"line":103,"column":65},"end":{"line":103,"column":100}},"type":"cond-expr","locations":[{"start":{"line":103,"column":81},"end":{"line":103,"column":88}},{"start":{"line":103,"column":91},"end":{"line":103,"column":100}}]},"4":{"loc":{"start":{"line":130,"column":24},"end":{"line":130,"column":55}},"type":"cond-expr","locations":[{"start":{"line":130,"column":34},"end":{"line":130,"column":42}},{"start":{"line":130,"column":45},"end":{"line":130,"column":55}}]},"5":{"loc":{"start":{"line":131,"column":23},"end":{"line":131,"column":66}},"type":"cond-expr","locations":[{"start":{"line":131,"column":33},"end":{"line":131,"column":47}},{"start":{"line":131,"column":50},"end":{"line":131,"column":66}}]},"6":{"loc":{"start":{"line":132,"column":25},"end":{"line":134,"column":65}},"type":"cond-expr","locations":[{"start":{"line":133,"column":22},"end":{"line":133,"column":70}},{"start":{"line":134,"column":22},"end":{"line":134,"column":65}}]},"7":{"loc":{"start":{"line":135,"column":29},"end":{"line":135,"column":66}},"type":"binary-expr","locations":[{"start":{"line":135,"column":29},"end":{"line":135,"column":47}},{"start":{"line":135,"column":51},"end":{"line":135,"column":66}}]},"8":{"loc":{"start":{"line":166,"column":29},"end":{"line":166,"column":73}},"type":"binary-expr","locations":[{"start":{"line":166,"column":29},"end":{"line":166,"column":47}},{"start":{"line":166,"column":51},"end":{"line":166,"column":73}}]}},"s":{"0":1,"1":0,"2":0,"3":0,"4":0,"5":0,"6":0,"7":0,"8":0,"9":0,"10":0,"11":0,"12":0,"13":0,"14":0,"15":0,"16":0,"17":0,"18":0,"19":0,"20":0,"21":0,"22":0,"23":0,"24":0,"25":0,"26":0,"27":0,"28":0,"29":0,"30":0,"31":0,"32":0,"33":1,"34":1,"35":1},"f":{"0":0,"1":0,"2":0,"3":0,"4":0,"5":0,"6":0},"b":{"0":[0],"1":[0],"2":[0,0],"3":[0,0],"4":[0,0],"5":[0,0],"6":[0,0],"7":[0,0],"8":[0,0]}}
,"/Users/suraj/learnings/crm-bulk-actions/src/services/contact/contactService.ts": {"path":"/Users/suraj/learnings/crm-bulk-actions/src/services/contact/contactService.ts","statementMap":{"0":{"start":{"line":1,"column":0},"end":{"line":1,"column":50}},"1":{"start":{"line":6,"column":23},"end":{"line":15,"column":null}},"2":{"start":{"line":18,"column":8},"end":{"line":18,"column":30}},"3":{"start":{"line":24,"column":23},"end":{"line":24,"column":82}},"4":{"start":{"line":25,"column":8},"end":{"line":25,"column":null}},"5":{"start":{"line":29,"column":23},"end":{"line":31,"column":null}},"6":{"start":{"line":33,"column":8},"end":{"line":33,"column":38}},"7":{"start":{"line":39,"column":34},"end":{"line":39,"column":36}},"8":{"start":{"line":40,"column":30},"end":{"line":40,"column":32}},"9":{"start":{"line":41,"column":25},"end":{"line":41,"column":26}},"10":{"start":{"line":42,"column":8},"end":{"line":46,"column":9}},"11":{"start":{"line":43,"column":12},"end":{"line":43,"column":51}},"12":{"start":{"line":44,"column":12},"end":{"line":44,"column":36}},"13":{"start":{"line":45,"column":12},"end":{"line":45,"column":25}},"14":{"start":{"line":47,"column":8},"end":{"line":51,"column":9}},"15":{"start":{"line":48,"column":12},"end":{"line":48,"column":50}},"16":{"start":{"line":49,"column":12},"end":{"line":49,"column":35}},"17":{"start":{"line":50,"column":12},"end":{"line":50,"column":25}},"18":{"start":{"line":52,"column":8},"end":{"line":56,"column":9}},"19":{"start":{"line":53,"column":12},"end":{"line":53,"column":49}},"20":{"start":{"line":54,"column":12},"end":{"line":54,"column":34}},"21":{"start":{"line":55,"column":12},"end":{"line":55,"column":25}},"22":{"start":{"line":57,"column":8},"end":{"line":61,"column":9}},"23":{"start":{"line":58,"column":12},"end":{"line":58,"column":54}},"24":{"start":{"line":59,"column":12},"end":{"line":59,"column":39}},"25":{"start":{"line":60,"column":12},"end":{"line":60,"column":25}},"26":{"start":{"line":62,"column":8},"end":{"line":62,"column":55}},"27":{"start":{"line":63,"column":8},"end":{"line":63,"column":59}},"28":{"start":{"line":63,"column":34},"end":{"line":63,"column":59}},"29":{"start":{"line":64,"column":8},"end":{"line":64,"column":24}},"30":{"start":{"line":65,"column":23},"end":{"line":70,"column":null}},"31":{"start":{"line":73,"column":8},"end":{"line":73,"column":38}},"32":{"start":{"line":77,"column":23},"end":{"line":79,"column":null}},"33":{"start":{"line":81,"column":8},"end":{"line":81,"column":61}},"34":{"start":{"line":90,"column":23},"end":{"line":90,"column":41}},"35":{"start":{"line":92,"column":42},"end":{"line":97,"column":10}},"36":{"start":{"line":98,"column":22},"end":{"line":98,"column":57}},"37":{"start":{"line":99,"column":27},"end":{"line":99,"column":51}},"38":{"start":{"line":100,"column":8},"end":{"line":105,"column":null}},"39":{"start":{"line":109,"column":20},"end":{"line":109,"column":51}},"40":{"start":{"line":110,"column":30},"end":{"line":110,"column":32}},"41":{"start":{"line":111,"column":25},"end":{"line":111,"column":26}},"42":{"start":{"line":113,"column":8},"end":{"line":132,"column":9}},"43":{"start":{"line":114,"column":47},"end":{"line":114,"column":49}},"44":{"start":{"line":116,"column":12},"end":{"line":127,"column":13}},"45":{"start":{"line":117,"column":16},"end":{"line":124,"column":17}},"46":{"start":{"line":119,"column":40},"end":{"line":119,"column":57}},"47":{"start":{"line":120,"column":20},"end":{"line":120,"column":90}},"48":{"start":{"line":123,"column":20},"end":{"line":123,"column":69}},"49":{"start":{"line":125,"column":16},"end":{"line":125,"column":35}},"50":{"start":{"line":126,"column":16},"end":{"line":126,"column":29}},"51":{"start":{"line":129,"column":12},"end":{"line":131,"column":13}},"52":{"start":{"line":130,"column":16},"end":{"line":130,"column":68}},"53":{"start":{"line":134,"column":23},"end":{"line":134,"column":56}},"54":{"start":{"line":135,"column":8},"end":{"line":135,"column":46}},"55":{"start":{"line":143,"column":20},"end":{"line":143,"column":44}},"56":{"start":{"line":144,"column":30},"end":{"line":144,"column":32}},"57":{"start":{"line":145,"column":25},"end":{"line":145,"column":26}},"58":{"start":{"line":147,"column":8},"end":{"line":166,"column":9}},"59":{"start":{"line":148,"column":47},"end":{"line":148,"column":49}},"60":{"start":{"line":150,"column":12},"end":{"line":161,"column":13}},"61":{"start":{"line":151,"column":16},"end":{"line":158,"column":17}},"62":{"start":{"line":153,"column":40},"end":{"line":153,"column":57}},"63":{"start":{"line":154,"column":20},"end":{"line":154,"column":90}},"64":{"start":{"line":157,"column":20},"end":{"line":157,"column":69}},"65":{"start":{"line":159,"column":16},"end":{"line":159,"column":35}},"66":{"start":{"line":160,"column":16},"end":{"line":160,"column":29}},"67":{"start":{"line":163,"column":12},"end":{"line":165,"column":13}},"68":{"start":{"line":164,"column":16},"end":{"line":164,"column":68}},"69":{"start":{"line":169,"column":8},"end":{"line":169,"column":79}},"70":{"start":{"line":170,"column":8},"end":{"line":170,"column":35}},"71":{"start":{"line":172,"column":23},"end":{"line":172,"column":56}},"72":{"start":{"line":173,"column":8},"end":{"line":173,"column":27}},"73":{"start":{"line":4,"column":0},"end":{"line":4,"column":13}}},"fnMap":{"0":{"name":"(anonymous_0)","decl":{"start":{"line":5,"column":4},"end":{"line":5,"column":9}},"loc":{"start":{"line":5,"column":39},"end":{"line":19,"column":5}}},"1":{"name":"(anonymous_1)","decl":{"start":{"line":21,"column":4},"end":{"line":21,"column":9}},"loc":{"start":{"line":22,"column":18},"end":{"line":26,"column":5}}},"2":{"name":"(anonymous_2)","decl":{"start":{"line":28,"column":4},"end":{"line":28,"column":9}},"loc":{"start":{"line":28,"column":35},"end":{"line":34,"column":5}}},"3":{"name":"(anonymous_3)","decl":{"start":{"line":36,"column":4},"end":{"line":36,"column":9}},"loc":{"start":{"line":37,"column":42},"end":{"line":74,"column":5}}},"4":{"name":"(anonymous_4)","decl":{"start":{"line":76,"column":4},"end":{"line":76,"column":9}},"loc":{"start":{"line":76,"column":27},"end":{"line":82,"column":5}}},"5":{"name":"(anonymous_5)","decl":{"start":{"line":84,"column":4},"end":{"line":84,"column":9}},"loc":{"start":{"line":84,"column":51},"end":{"line":106,"column":5}}},"6":{"name":"(anonymous_6)","decl":{"start":{"line":108,"column":4},"end":{"line":108,"column":9}},"loc":{"start":{"line":108,"column":53},"end":{"line":136,"column":5}}},"7":{"name":"(anonymous_7)","decl":{"start":{"line":138,"column":4},"end":{"line":138,"column":9}},"loc":{"start":{"line":141,"column":37},"end":{"line":174,"column":5}}}},"branchMap":{"0":{"loc":{"start":{"line":13,"column":16},"end":{"line":13,"column":32}},"type":"binary-expr","locations":[{"start":{"line":13,"column":16},"end":{"line":13,"column":24}},{"start":{"line":13,"column":28},"end":{"line":13,"column":32}}]},"1":{"loc":{"start":{"line":14,"column":16},"end":{"line":14,"column":35}},"type":"binary-expr","locations":[{"start":{"line":14,"column":16},"end":{"line":14,"column":29}},{"start":{"line":14,"column":33},"end":{"line":14,"column":35}}]},"2":{"loc":{"start":{"line":25,"column":15},"end":{"line":25,"column":37}},"type":"binary-expr","locations":[{"start":{"line":25,"column":15},"end":{"line":25,"column":29}},{"start":{"line":25,"column":33},"end":{"line":25,"column":37}}]},"3":{"loc":{"start":{"line":33,"column":15},"end":{"line":33,"column":37}},"type":"binary-expr","locations":[{"start":{"line":33,"column":15},"end":{"line":33,"column":29}},{"start":{"line":33,"column":33},"end":{"line":33,"column":37}}]},"4":{"loc":{"start":{"line":42,"column":8},"end":{"line":46,"column":9}},"type":"if","locations":[{"start":{"line":42,"column":8},"end":{"line":46,"column":9}}]},"5":{"loc":{"start":{"line":47,"column":8},"end":{"line":51,"column":9}},"type":"if","locations":[{"start":{"line":47,"column":8},"end":{"line":51,"column":9}}]},"6":{"loc":{"start":{"line":52,"column":8},"end":{"line":56,"column":9}},"type":"if","locations":[{"start":{"line":52,"column":8},"end":{"line":56,"column":9}}]},"7":{"loc":{"start":{"line":57,"column":8},"end":{"line":61,"column":9}},"type":"if","locations":[{"start":{"line":57,"column":8},"end":{"line":61,"column":9}}]},"8":{"loc":{"start":{"line":63,"column":8},"end":{"line":63,"column":59}},"type":"if","locations":[{"start":{"line":63,"column":8},"end":{"line":63,"column":59}}]},"9":{"loc":{"start":{"line":73,"column":15},"end":{"line":73,"column":37}},"type":"binary-expr","locations":[{"start":{"line":73,"column":15},"end":{"line":73,"column":29}},{"start":{"line":73,"column":33},"end":{"line":73,"column":37}}]},"10":{"loc":{"start":{"line":81,"column":15},"end":{"line":81,"column":60}},"type":"cond-expr","locations":[{"start":{"line":81,"column":33},"end":{"line":81,"column":52}},{"start":{"line":81,"column":55},"end":{"line":81,"column":60}}]},"11":{"loc":{"start":{"line":84,"column":15},"end":{"line":84,"column":31}},"type":"default-arg","locations":[{"start":{"line":84,"column":30},"end":{"line":84,"column":31}}]},"12":{"loc":{"start":{"line":84,"column":33},"end":{"line":84,"column":51}},"type":"default-arg","locations":[{"start":{"line":84,"column":49},"end":{"line":84,"column":51}}]},"13":{"loc":{"start":{"line":113,"column":8},"end":{"line":132,"column":9}},"type":"if","locations":[{"start":{"line":113,"column":8},"end":{"line":132,"column":9}}]},"14":{"loc":{"start":{"line":113,"column":12},"end":{"line":113,"column":54}},"type":"binary-expr","locations":[{"start":{"line":113,"column":12},"end":{"line":113,"column":19}},{"start":{"line":113,"column":23},"end":{"line":113,"column":54}}]},"15":{"loc":{"start":{"line":117,"column":16},"end":{"line":124,"column":17}},"type":"if","locations":[{"start":{"line":117,"column":16},"end":{"line":124,"column":17}},{"start":{"line":121,"column":23},"end":{"line":124,"column":17}}]},"16":{"loc":{"start":{"line":129,"column":12},"end":{"line":131,"column":13}},"type":"if","locations":[{"start":{"line":129,"column":12},"end":{"line":131,"column":13}}]},"17":{"loc":{"start":{"line":147,"column":8},"end":{"line":166,"column":9}},"type":"if","locations":[{"start":{"line":147,"column":8},"end":{"line":166,"column":9}}]},"18":{"loc":{"start":{"line":147,"column":12},"end":{"line":147,"column":54}},"type":"binary-expr","locations":[{"start":{"line":147,"column":12},"end":{"line":147,"column":19}},{"start":{"line":147,"column":23},"end":{"line":147,"column":54}}]},"19":{"loc":{"start":{"line":151,"column":16},"end":{"line":158,"column":17}},"type":"if","locations":[{"start":{"line":151,"column":16},"end":{"line":158,"column":17}},{"start":{"line":155,"column":23},"end":{"line":158,"column":17}}]},"20":{"loc":{"start":{"line":163,"column":12},"end":{"line":165,"column":13}},"type":"if","locations":[{"start":{"line":163,"column":12},"end":{"line":165,"column":13}}]}},"s":{"0":1,"1":0,"2":0,"3":0,"4":0,"5":0,"6":0,"7":0,"8":0,"9":0,"10":0,"11":0,"12":0,"13":0,"14":0,"15":0,"16":0,"17":0,"18":0,"19":0,"20":0,"21":0,"22":0,"23":0,"24":0,"25":0,"26":0,"27":0,"28":0,"29":0,"30":0,"31":0,"32":0,"33":0,"34":0,"35":0,"36":0,"37":0,"38":0,"39":0,"40":0,"41":0,"42":0,"43":0,"44":0,"45":0,"46":0,"47":0,"48":0,"49":0,"50":0,"51":0,"52":0,"53":0,"54":0,"55":0,"56":0,"57":0,"58":0,"59":0,"60":0,"61":0,"62":0,"63":0,"64":0,"65":0,"66":0,"67":0,"68":0,"69":0,"70":0,"71":0,"72":0,"73":1},"f":{"0":0,"1":0,"2":0,"3":0,"4":0,"5":0,"6":0,"7":0},"b":{"0":[0,0],"1":[0,0],"2":[0,0],"3":[0,0],"4":[0],"5":[0],"6":[0],"7":[0],"8":[0],"9":[0,0],"10":[0,0],"11":[0],"12":[0],"13":[0],"14":[0,0],"15":[0,0],"16":[0],"17":[0],"18":[0,0],"19":[0,0],"20":[0]}}
,"/Users/suraj/learnings/crm-bulk-actions/src/services/logging/logAnalysis.ts": {"path":"/Users/suraj/learnings/crm-bulk-actions/src/services/logging/logAnalysis.ts","statementMap":{"0":{"start":{"line":8,"column":8},"end":{"line":8,"column":50}},"1":{"start":{"line":17,"column":22},"end":{"line":25,"column":6}},"2":{"start":{"line":27,"column":23},"end":{"line":30,"column":10}},"3":{"start":{"line":32,"column":8},"end":{"line":32,"column":29}},"4":{"start":{"line":44,"column":22},"end":{"line":54,"column":6}},"5":{"start":{"line":56,"column":23},"end":{"line":59,"column":10}},"6":{"start":{"line":61,"column":8},"end":{"line":61,"column":29}}},"fnMap":{"0":{"name":"(anonymous_0)","decl":{"start":{"line":7,"column":4},"end":{"line":7,"column":null}},"loc":{"start":{"line":7,"column":4},"end":{"line":9,"column":5}}},"1":{"name":"(anonymous_1)","decl":{"start":{"line":11,"column":4},"end":{"line":11,"column":9}},"loc":{"start":{"line":11,"column":51},"end":{"line":33,"column":5}}},"2":{"name":"(anonymous_2)","decl":{"start":{"line":35,"column":4},"end":{"line":35,"column":9}},"loc":{"start":{"line":37,"column":43},"end":{"line":62,"column":5}}}},"branchMap":{"0":{"loc":{"start":{"line":37,"column":8},"end":{"line":37,"column":43}},"type":"default-arg","locations":[{"start":{"line":37,"column":39},"end":{"line":37,"column":43}}]}},"s":{"0":0,"1":0,"2":0,"3":0,"4":0,"5":0,"6":0},"f":{"0":0,"1":0,"2":0},"b":{"0":[0]}}
,"/Users/suraj/learnings/crm-bulk-actions/src/services/logging/loggingService.ts": {"path":"/Users/suraj/learnings/crm-bulk-actions/src/services/logging/loggingService.ts","statementMap":{"0":{"start":{"line":1,"column":0},"end":{"line":1,"column":55}},"1":{"start":{"line":2,"column":0},"end":{"line":2,"column":35}},"2":{"start":{"line":4,"column":0},"end":{"line":4,"column":null}},"3":{"start":{"line":5,"column":4},"end":{"line":5,"column":null}},"4":{"start":{"line":6,"column":4},"end":{"line":6,"column":null}},"5":{"start":{"line":7,"column":4},"end":{"line":7,"column":null}},"6":{"start":{"line":10,"column":0},"end":{"line":10,"column":null}},"7":{"start":{"line":11,"column":4},"end":{"line":11,"column":null}},"8":{"start":{"line":12,"column":4},"end":{"line":12,"column":null}},"9":{"start":{"line":13,"column":4},"end":{"line":13,"column":null}},"10":{"start":{"line":14,"column":4},"end":{"line":14,"column":null}},"11":{"start":{"line":15,"column":4},"end":{"line":15,"column":null}},"12":{"start":{"line":58,"column":12},"end":{"line":58,"column":37}},"13":{"start":{"line":59,"column":12},"end":{"line":59,"column":40}},"14":{"start":{"line":63,"column":8},"end":{"line":63,"column":67}},"15":{"start":{"line":63,"column":47},"end":{"line":63,"column":59}},"16":{"start":{"line":67,"column":8},"end":{"line":69,"column":9}},"17":{"start":{"line":68,"column":12},"end":{"line":68,"column":null}},"18":{"start":{"line":70,"column":8},"end":{"line":70,"column":null}},"19":{"start":{"line":74,"column":8},"end":{"line":74,"column":65}},"20":{"start":{"line":78,"column":36},"end":{"line":83,"column":null}},"21":{"start":{"line":85,"column":8},"end":{"line":85,"column":null}},"22":{"start":{"line":86,"column":8},"end":{"line":88,"column":9}},"23":{"start":{"line":87,"column":12},"end":{"line":87,"column":null}},"24":{"start":{"line":92,"column":8},"end":{"line":92,"column":46}},"25":{"start":{"line":92,"column":40},"end":{"line":92,"column":46}},"26":{"start":{"line":94,"column":24},"end":{"line":94,"column":42}},"27":{"start":{"line":95,"column":8},"end":{"line":95,"column":null}},"28":{"start":{"line":97,"column":8},"end":{"line":106,"column":9}},"29":{"start":{"line":98,"column":12},"end":{"line":102,"column":null}},"30":{"start":{"line":104,"column":12},"end":{"line":104,"column":null}},"31":{"start":{"line":105,"column":12},"end":{"line":105,"column":null}},"32":{"start":{"line":110,"column":8},"end":{"line":114,"column":null}},"33":{"start":{"line":131,"column":12},"end":{"line":131,"column":19}},"34":{"start":{"line":133,"column":20},"end":{"line":139,"column":14}},"35":{"start":{"line":141,"column":8},"end":{"line":143,"column":9}},"36":{"start":{"line":142,"column":12},"end":{"line":142,"column":47}},"37":{"start":{"line":144,"column":8},"end":{"line":148,"column":14}},"38":{"start":{"line":150,"column":23},"end":{"line":153,"column":10}},"39":{"start":{"line":155,"column":37},"end":{"line":155,"column":56}},"40":{"start":{"line":156,"column":8},"end":{"line":156,"column":50}},"41":{"start":{"line":164,"column":22},"end":{"line":174,"column":10}},"42":{"start":{"line":176,"column":23},"end":{"line":179,"column":10}},"43":{"start":{"line":181,"column":24},"end":{"line":181,"column":43}},"44":{"start":{"line":182,"column":8},"end":{"line":186,"column":12}},"45":{"start":{"line":182,"column":43},"end":{"line":186,"column":10}},"46":{"start":{"line":190,"column":22},"end":{"line":193,"column":10}},"47":{"start":{"line":195,"column":8},"end":{"line":197,"column":11}},"48":{"start":{"line":56,"column":0},"end":{"line":56,"column":13}}},"fnMap":{"0":{"name":"(anonymous_0)","decl":{"start":{"line":4,"column":0},"end":{"line":4,"column":12}},"loc":{"start":{"line":4,"column":20},"end":{"line":8,"column":1}}},"1":{"name":"(anonymous_1)","decl":{"start":{"line":10,"column":0},"end":{"line":10,"column":12}},"loc":{"start":{"line":10,"column":25},"end":{"line":16,"column":1}}},"2":{"name":"(anonymous_2)","decl":{"start":{"line":62,"column":4},"end":{"line":62,"column":null}},"loc":{"start":{"line":62,"column":4},"end":{"line":64,"column":5}}},"3":{"name":"(anonymous_3)","decl":{"start":{"line":63,"column":41},"end":{"line":63,"column":44}},"loc":{"start":{"line":63,"column":47},"end":{"line":63,"column":59}}},"4":{"name":"(anonymous_4)","decl":{"start":{"line":66,"column":11},"end":{"line":66,"column":17}},"loc":{"start":{"line":66,"column":29},"end":{"line":71,"column":5}}},"5":{"name":"(anonymous_5)","decl":{"start":{"line":73,"column":12},"end":{"line":73,"column":22}},"loc":{"start":{"line":73,"column":33},"end":{"line":75,"column":5}}},"6":{"name":"(anonymous_6)","decl":{"start":{"line":77,"column":4},"end":{"line":77,"column":9}},"loc":{"start":{"line":77,"column":59},"end":{"line":89,"column":5}}},"7":{"name":"(anonymous_7)","decl":{"start":{"line":91,"column":12},"end":{"line":91,"column":17}},"loc":{"start":{"line":91,"column":23},"end":{"line":107,"column":5}}},"8":{"name":"(anonymous_8)","decl":{"start":{"line":109,"column":12},"end":{"line":109,"column":29}},"loc":{"start":{"line":109,"column":47},"end":{"line":115,"column":5}}},"9":{"name":"(anonymous_9)","decl":{"start":{"line":117,"column":4},"end":{"line":117,"column":9}},"loc":{"start":{"line":124,"column":14},"end":{"line":157,"column":5}}},"10":{"name":"(anonymous_10)","decl":{"start":{"line":159,"column":4},"end":{"line":159,"column":9}},"loc":{"start":{"line":159,"column":46},"end":{"line":187,"column":5}}},"11":{"name":"(anonymous_11)","decl":{"start":{"line":182,"column":27},"end":{"line":182,"column":28}},"loc":{"start":{"line":182,"column":43},"end":{"line":186,"column":10}}},"12":{"name":"(anonymous_12)","decl":{"start":{"line":189,"column":4},"end":{"line":189,"column":9}},"loc":{"start":{"line":189,"column":44},"end":{"line":198,"column":5}}}},"branchMap":{"0":{"loc":{"start":{"line":4,"column":12},"end":{"line":4,"column":null}},"type":"binary-expr","locations":[{"start":{"line":4,"column":12},"end":{"line":4,"column":20}},{"start":{"line":4,"column":20},"end":{"line":4,"column":null}}]},"1":{"loc":{"start":{"line":10,"column":12},"end":{"line":10,"column":null}},"type":"binary-expr","locations":[{"start":{"line":10,"column":12},"end":{"line":10,"column":25}},{"start":{"line":10,"column":25},"end":{"line":10,"column":null}}]},"2":{"loc":{"start":{"line":67,"column":8},"end":{"line":69,"column":9}},"type":"if","locations":[{"start":{"line":67,"column":8},"end":{"line":69,"column":9}}]},"3":{"loc":{"start":{"line":82,"column":22},"end":{"line":82,"column":81}},"type":"cond-expr","locations":[{"start":{"line":82,"column":39},"end":{"line":82,"column":69}},{"start":{"line":82,"column":72},"end":{"line":82,"column":81}}]},"4":{"loc":{"start":{"line":86,"column":8},"end":{"line":88,"column":9}},"type":"if","locations":[{"start":{"line":86,"column":8},"end":{"line":88,"column":9}}]},"5":{"loc":{"start":{"line":92,"column":8},"end":{"line":92,"column":46}},"type":"if","locations":[{"start":{"line":92,"column":8},"end":{"line":92,"column":46}}]},"6":{"loc":{"start":{"line":113,"column":22},"end":{"line":113,"column":77}},"type":"cond-expr","locations":[{"start":{"line":113,"column":39},"end":{"line":113,"column":65}},{"start":{"line":113,"column":68},"end":{"line":113,"column":77}}]},"7":{"loc":{"start":{"line":118,"column":8},"end":{"line":124,"column":14}},"type":"default-arg","locations":[{"start":{"line":124,"column":12},"end":{"line":124,"column":14}}]},"8":{"loc":{"start":{"line":126,"column":12},"end":{"line":126,"column":35}},"type":"default-arg","locations":[{"start":{"line":126,"column":24},"end":{"line":126,"column":35}}]},"9":{"loc":{"start":{"line":127,"column":12},"end":{"line":127,"column":32}},"type":"default-arg","locations":[{"start":{"line":127,"column":22},"end":{"line":127,"column":32}}]},"10":{"loc":{"start":{"line":129,"column":12},"end":{"line":129,"column":23}},"type":"default-arg","locations":[{"start":{"line":129,"column":20},"end":{"line":129,"column":23}}]},"11":{"loc":{"start":{"line":130,"column":12},"end":{"line":130,"column":22}},"type":"default-arg","locations":[{"start":{"line":130,"column":21},"end":{"line":130,"column":22}}]},"12":{"loc":{"start":{"line":141,"column":8},"end":{"line":143,"column":9}},"type":"if","locations":[{"start":{"line":141,"column":8},"end":{"line":143,"column":9}}]},"13":{"loc":{"start":{"line":189,"column":18},"end":{"line":189,"column":44}},"type":"default-arg","locations":[{"start":{"line":189,"column":42},"end":{"line":189,"column":44}}]}},"s":{"0":1,"1":1,"2":1,"3":1,"4":1,"5":1,"6":1,"7":1,"8":1,"9":1,"10":1,"11":1,"12":0,"13":0,"14":0,"15":0,"16":0,"17":0,"18":0,"19":0,"20":0,"21":0,"22":0,"23":0,"24":0,"25":0,"26":0,"27":0,"28":0,"29":0,"30":0,"31":0,"32":0,"33":0,"34":0,"35":0,"36":0,"37":0,"38":0,"39":0,"40":0,"41":0,"42":0,"43":0,"44":0,"45":0,"46":0,"47":0,"48":1},"f":{"0":1,"1":1,"2":0,"3":0,"4":0,"5":0,"6":0,"7":0,"8":0,"9":0,"10":0,"11":0,"12":0},"b":{"0":[1,1],"1":[1,1],"2":[0],"3":[0,0],"4":[0],"5":[0],"6":[0,0],"7":[0],"8":[0],"9":[0],"10":[0],"11":[0],"12":[0],"13":[0]}}
,"/Users/suraj/learnings/crm-bulk-actions/src/services/rateLimit/apiRateLimiter.ts": {"path":"/Users/suraj/learnings/crm-bulk-actions/src/services/rateLimit/apiRateLimiter.ts","statementMap":{"0":{"start":{"line":5,"column":21},"end":{"line":5,"column":40}},"1":{"start":{"line":6,"column":21},"end":{"line":6,"column":33}},"2":{"start":{"line":9,"column":8},"end":{"line":9,"column":48}},"3":{"start":{"line":13,"column":20},"end":{"line":13,"column":49}},"4":{"start":{"line":14,"column":8},"end":{"line":14,"column":76}}},"fnMap":{"0":{"name":"(anonymous_0)","decl":{"start":{"line":8,"column":4},"end":{"line":8,"column":null}},"loc":{"start":{"line":8,"column":4},"end":{"line":10,"column":5}}},"1":{"name":"(anonymous_1)","decl":{"start":{"line":12,"column":4},"end":{"line":12,"column":9}},"loc":{"start":{"line":12,"column":42},"end":{"line":15,"column":5}}}},"branchMap":{},"s":{"0":0,"1":0,"2":0,"3":0,"4":0},"f":{"0":0,"1":0},"b":{}}
,"/Users/suraj/learnings/crm-bulk-actions/src/services/rateLimit/processRateLimiter.ts": {"path":"/Users/suraj/learnings/crm-bulk-actions/src/services/rateLimit/processRateLimiter.ts","statementMap":{"0":{"start":{"line":1,"column":0},"end":{"line":1,"column":53}},"1":{"start":{"line":5,"column":21},"end":{"line":5,"column":40}},"2":{"start":{"line":6,"column":21},"end":{"line":6,"column":33}},"3":{"start":{"line":9,"column":8},"end":{"line":9,"column":48}},"4":{"start":{"line":13,"column":20},"end":{"line":13,"column":53}},"5":{"start":{"line":14,"column":8},"end":{"line":14,"column":76}},"6":{"start":{"line":3,"column":0},"end":{"line":3,"column":13}}},"fnMap":{"0":{"name":"(anonymous_0)","decl":{"start":{"line":8,"column":4},"end":{"line":8,"column":null}},"loc":{"start":{"line":8,"column":4},"end":{"line":10,"column":5}}},"1":{"name":"(anonymous_1)","decl":{"start":{"line":12,"column":4},"end":{"line":12,"column":9}},"loc":{"start":{"line":12,"column":48},"end":{"line":15,"column":5}}}},"branchMap":{},"s":{"0":1,"1":0,"2":0,"3":0,"4":0,"5":0,"6":1},"f":{"0":0,"1":0},"b":{}}
}
